0 verbose cli C:\Program Files\nodejs\node.exe C:\Users\miyaw\AppData\Roaming\npm\node_modules\npm\bin\npm-cli.js
1 info using npm@11.1.0
2 info using node@v22.14.0
3 silly config load:file:C:\Users\miyaw\AppData\Roaming\npm\node_modules\npm\npmrc
4 silly config load:file:C:\Development\ionic\offline_packages\.npmrc
5 silly config load:file:C:\Development\tools\.npmrc
6 silly config load:file:C:\Users\miyaw\AppData\Roaming\npm\etc\npmrc
7 verbose title npm pack @types/react@18
8 verbose argv "pack" "@types/react@18"
9 verbose logfile logs-max:10 dir:C:\Development\ionic\.npm-cache\_logs\2025-03-10T12_52_35_875Z-
10 verbose logfile C:\Development\ionic\.npm-cache\_logs\2025-03-10T12_52_35_875Z-debug-0.log
11 silly logfile start cleaning logs, removing 1 files
12 silly logfile done cleaning log files
13 http fetch GET 200 https://registry.npmjs.org/@types%2freact 247ms (cache updated)
14 http cache https://registry.npmjs.org/@types%2freact 8ms (cache hit)
15 http cache https://registry.npmjs.org/@types/react/-/react-18.3.18.tgz 0ms (cache hit)
16 silly tarball no local data for https://registry.npmjs.org/@types/react/-/react-18.3.18.tgz. Extracting by manifest.
17 http fetch GET 200 https://registry.npmjs.org/@types/react/-/react-18.3.18.tgz 83ms (cache miss)
18 notice
19 notice 📦  @types/react@18.3.18
20 notice Tarball Contents
21 notice 0B react v18.3/
21 notice 6.0kB react v18.3/canary.d.ts
21 notice 5.4kB react v18.3/experimental.d.ts
21 notice 7.4kB react v18.3/global.d.ts
21 notice 194.2kB react v18.3/index.d.ts
21 notice 1.4kB react v18.3/jsx-dev-runtime.d.ts
21 notice 1.2kB react v18.3/jsx-runtime.d.ts
21 notice 1.1kB react v18.3/LICENSE
21 notice 6.0kB react v18.3/package.json
21 notice 1.8kB react v18.3/README.md
21 notice 0B react v18.3/ts5.0/
21 notice 6.0kB react v18.3/ts5.0/canary.d.ts
21 notice 5.4kB react v18.3/ts5.0/experimental.d.ts
21 notice 7.4kB react v18.3/ts5.0/global.d.ts
21 notice 193.4kB react v18.3/ts5.0/index.d.ts
21 notice 1.4kB react v18.3/ts5.0/jsx-dev-runtime.d.ts
21 notice 1.2kB react v18.3/ts5.0/jsx-runtime.d.ts
22 notice Tarball Details
23 notice name: @types/react
24 notice version: 18.3.18
25 notice filename: types-react-18.3.18.tgz
26 notice package size: 80.2 kB
27 notice unpacked size: 439.3 kB
28 notice shasum: 9b382c4cd32e13e463f97df07c2ee3bbcd26904b
29 notice integrity: sha512-t4yC+vtgnkYjN[...]EGt1ky31d7kfQ==
30 notice total files: 17
31 notice
32 verbose cwd C:\Development\ionic\offline_packages
33 verbose os Windows_NT 10.0.19045
34 verbose node v22.14.0
35 verbose npm  v11.1.0
36 verbose exit 0
37 info ok
