0 verbose cli C:\Program Files\nodejs\node.exe C:\Users\miyaw\AppData\Roaming\npm\node_modules\npm\bin\npm-cli.js
1 info using npm@11.1.0
2 info using node@v22.14.0
3 silly config load:file:C:\Users\miyaw\AppData\Roaming\npm\node_modules\npm\npmrc
4 silly config load:file:c:\Development\ionic\ionic_sample\.npmrc
5 silly config load:file:C:\Development\tools\.npmrc
6 silly config load:file:C:\Users\miyaw\AppData\Roaming\npm\etc\npmrc
7 verbose title npm view ts-node description dist-tags.latest homepage version time
8 verbose argv "view" "--json" "--" "ts-node" "description" "dist-tags.latest" "homepage" "version" "time"
9 verbose logfile logs-max:10 dir:c:\Development\ionic\.npm-cache\_logs\2025-03-10T13_11_13_050Z-
10 verbose logfile c:\Development\ionic\.npm-cache\_logs\2025-03-10T13_11_13_050Z-debug-0.log
11 silly logfile start cleaning logs, removing 1 files
12 silly logfile done cleaning log files
13 http fetch GET 200 https://registry.npmjs.org/ts-node 313ms (cache updated)
14 verbose cwd c:\Development\ionic\ionic_sample
15 verbose os Windows_NT 10.0.19045
16 verbose node v22.14.0
17 verbose npm  v11.1.0
18 verbose exit 0
19 info ok
