0 verbose cli C:\Program Files\nodejs\node.exe C:\Users\miyaw\AppData\Roaming\npm\node_modules\npm\bin\npm-cli.js
1 info using npm@11.1.0
2 info using node@v22.14.0
3 silly config load:file:C:\Users\miyaw\AppData\Roaming\npm\node_modules\npm\npmrc
4 silly config load:file:C:\Development\ionic\offline_packages\.npmrc
5 silly config load:file:C:\Development\tools\.npmrc
6 silly config load:file:C:\Users\miyaw\AppData\Roaming\npm\etc\npmrc
7 verbose title npm pack @types/react-dom@18
8 verbose argv "pack" "@types/react-dom@18"
9 verbose logfile logs-max:10 dir:C:\Development\ionic\.npm-cache\_logs\2025-03-10T12_52_36_945Z-
10 verbose logfile C:\Development\ionic\.npm-cache\_logs\2025-03-10T12_52_36_945Z-debug-0.log
11 silly logfile start cleaning logs, removing 1 files
12 silly logfile done cleaning log files
13 http fetch GET 200 https://registry.npmjs.org/@types%2freact-dom 261ms (cache updated)
14 http cache https://registry.npmjs.org/@types%2freact-dom 6ms (cache hit)
15 http cache https://registry.npmjs.org/@types/react-dom/-/react-dom-18.3.5.tgz 0ms (cache hit)
16 silly tarball no local data for https://registry.npmjs.org/@types/react-dom/-/react-dom-18.3.5.tgz. Extracting by manifest.
17 http fetch GET 200 https://registry.npmjs.org/@types/react-dom/-/react-dom-18.3.5.tgz 74ms (cache miss)
18 notice
19 notice 📦  @types/react-dom@18.3.5
20 notice Tarball Contents
21 notice 0B react-dom v18.3/
21 notice 6.4kB react-dom v18.3/canary.d.ts
21 notice 2.1kB react-dom v18.3/client.d.ts
21 notice 1.3kB react-dom v18.3/experimental.d.ts
21 notice 4.8kB react-dom v18.3/index.d.ts
21 notice 1.1kB react-dom v18.3/LICENSE
21 notice 2.4kB react-dom v18.3/package.json
21 notice 812B react-dom v18.3/README.md
21 notice 4.5kB react-dom v18.3/server.d.ts
21 notice 0B react-dom v18.3/test-utils/
21 notice 14.3kB react-dom v18.3/test-utils/index.d.ts
22 notice Tarball Details
23 notice name: @types/react-dom
24 notice version: 18.3.5
25 notice filename: types-react-dom-18.3.5.tgz
26 notice package size: 9.6 kB
27 notice unpacked size: 37.9 kB
28 notice shasum: 45f9f87398c5dcea085b715c58ddcf1faf65f716
29 notice integrity: sha512-P4t6saawp+b/d[...]yCR4Z6RCUsG/Q==
30 notice total files: 11
31 notice
32 verbose cwd C:\Development\ionic\offline_packages
33 verbose os Windows_NT 10.0.19045
34 verbose node v22.14.0
35 verbose npm  v11.1.0
36 verbose exit 0
37 info ok
