0 verbose cli C:\Program Files\nodejs\node.exe C:\Users\miyaw\AppData\Roaming\npm\node_modules\npm\bin\npm-cli.js
1 info using npm@11.1.0
2 info using node@v22.14.0
3 silly config load:file:C:\Users\miyaw\AppData\Roaming\npm\node_modules\npm\npmrc
4 silly config load:file:C:\Development\ionic\ionic_sample\.npmrc
5 silly config load:file:C:\Development\tools\.npmrc
6 silly config load:file:C:\Users\miyaw\AppData\Roaming\npm\etc\npmrc
7 verbose title npm install file:../offline_packages/ionic-react-8.4.3.tgz file:../offline_packages/ionic-react-router-8.4.3.tgz
8 verbose argv "install" "file:../offline_packages/ionic-react-8.4.3.tgz" "file:../offline_packages/ionic-react-router-8.4.3.tgz" "--legacy-peer-deps"
9 verbose logfile logs-max:10 dir:C:\Development\ionic\.npm-cache\_logs\2025-03-10T12_51_18_311Z-
10 verbose logfile C:\Development\ionic\.npm-cache\_logs\2025-03-10T12_51_18_311Z-debug-0.log
11 silly logfile start cleaning logs, removing 1 files
12 silly packumentCache heap:4345298944 maxSize:1086324736 maxEntrySize:543162368
13 silly logfile done cleaning log files
14 silly idealTree buildDeps
15 silly fetch manifest @ionic/react-router@file:../offline_packages/ionic-react-router-8.4.3.tgz
16 silly fetch manifest @ionic/react@file:../offline_packages/ionic-react-8.4.3.tgz
17 silly placeDep ROOT @ionic/react@8.4.3 OK for: ionic_sample@1.0.0 want: file:../offline_packages/ionic-react-8.4.3.tgz
18 silly placeDep ROOT @ionic/react-router@8.4.3 OK for: ionic_sample@1.0.0 want: file:../offline_packages/ionic-react-router-8.4.3.tgz
19 silly fetch manifest @ionic/core@8.4.3
20 silly packumentCache full:https://registry.npmjs.org/@ionic%2fcore cache-miss
21 silly fetch manifest ionicons@^7.0.0
22 silly packumentCache full:https://registry.npmjs.org/ionicons cache-miss
23 http fetch GET 200 https://registry.npmjs.org/ionicons 206ms (cache updated)
24 silly packumentCache full:https://registry.npmjs.org/ionicons set size:undefined disposed:false
25 http fetch GET 200 https://registry.npmjs.org/@ionic%2fcore 1843ms (cache updated)
26 silly packumentCache full:https://registry.npmjs.org/@ionic%2fcore set size:undefined disposed:false
27 silly placeDep ROOT @ionic/core@8.4.3 OK for: @ionic/react@8.4.3 want: 8.4.3
28 silly placeDep ROOT ionicons@7.4.0 OK for: @ionic/react@8.4.3 want: ^7.0.0
29 silly fetch manifest ionicons@^7.2.2
30 silly packumentCache full:https://registry.npmjs.org/ionicons cache-miss
31 silly fetch manifest @stencil/core@4.20.0
32 silly packumentCache full:https://registry.npmjs.org/@stencil%2fcore cache-miss
33 silly fetch manifest @stencil/core@^4.0.3
34 silly packumentCache full:https://registry.npmjs.org/@stencil%2fcore cache-miss
35 http cache https://registry.npmjs.org/ionicons 34ms (cache hit)
36 silly packumentCache full:https://registry.npmjs.org/ionicons set size:1029061 disposed:false
37 http fetch GET 200 https://registry.npmjs.org/@stencil%2fcore 234ms (cache updated)
38 silly packumentCache full:https://registry.npmjs.org/@stencil%2fcore set size:undefined disposed:false
39 http fetch GET 200 https://registry.npmjs.org/@stencil%2fcore 349ms (cache updated)
40 silly packumentCache full:https://registry.npmjs.org/@stencil%2fcore set size:undefined disposed:false
41 silly placeDep ROOT @stencil/core@4.20.0 OK for: @ionic/core@8.4.3 want: 4.20.0
42 silly reify moves {}
43 silly audit bulk request {
43 silly audit   '@alloc/quick-lru': [ '5.2.0' ],
43 silly audit   '@ampproject/remapping': [ '2.3.0' ],
43 silly audit   '@apideck/better-ajv-errors': [ '0.3.6' ],
43 silly audit   '@babel/code-frame': [ '7.26.2' ],
43 silly audit   '@babel/compat-data': [ '7.26.8' ],
43 silly audit   '@babel/core': [ '7.26.9' ],
43 silly audit   semver: [ '6.3.1', '5.7.2', '7.7.1' ],
43 silly audit   '@babel/eslint-parser': [ '7.26.8' ],
43 silly audit   'eslint-visitor-keys': [ '2.1.0', '3.4.3' ],
43 silly audit   '@babel/generator': [ '7.26.9' ],
43 silly audit   '@babel/helper-annotate-as-pure': [ '7.25.9' ],
43 silly audit   '@babel/helper-compilation-targets': [ '7.26.5' ],
43 silly audit   'lru-cache': [ '5.1.1', '7.18.3', '11.0.2', '10.4.3' ],
43 silly audit   yallist: [ '3.1.1', '4.0.0' ],
43 silly audit   '@babel/helper-create-class-features-plugin': [ '7.26.9' ],
43 silly audit   '@babel/helper-create-regexp-features-plugin': [ '7.26.3' ],
43 silly audit   '@babel/helper-define-polyfill-provider': [ '0.6.3' ],
43 silly audit   '@babel/helper-member-expression-to-functions': [ '7.25.9' ],
43 silly audit   '@babel/helper-module-imports': [ '7.25.9' ],
43 silly audit   '@babel/helper-module-transforms': [ '7.26.0' ],
43 silly audit   '@babel/helper-optimise-call-expression': [ '7.25.9' ],
43 silly audit   '@babel/helper-plugin-utils': [ '7.26.5' ],
43 silly audit   '@babel/helper-remap-async-to-generator': [ '7.25.9' ],
43 silly audit   '@babel/helper-replace-supers': [ '7.26.5' ],
43 silly audit   '@babel/helper-skip-transparent-expression-wrappers': [ '7.25.9' ],
43 silly audit   '@babel/helper-string-parser': [ '7.25.9' ],
43 silly audit   '@babel/helper-validator-identifier': [ '7.25.9' ],
43 silly audit   '@babel/helper-validator-option': [ '7.25.9' ],
43 silly audit   '@babel/helper-wrap-function': [ '7.25.9' ],
43 silly audit   '@babel/helpers': [ '7.26.9' ],
43 silly audit   '@babel/parser': [ '7.26.9' ],
43 silly audit   '@babel/plugin-bugfix-firefox-class-in-computed-class-key': [ '7.25.9' ],
43 silly audit   '@babel/plugin-bugfix-safari-class-field-initializer-scope': [ '7.25.9' ],
43 silly audit   '@babel/plugin-bugfix-safari-id-destructuring-collision-in-function-expression': [ '7.25.9' ],
43 silly audit   '@babel/plugin-bugfix-v8-spread-parameters-in-optional-chaining': [ '7.25.9' ],
43 silly audit   '@babel/plugin-bugfix-v8-static-class-fields-redefine-readonly': [ '7.25.9' ],
43 silly audit   '@babel/plugin-proposal-class-properties': [ '7.18.6' ],
43 silly audit   '@babel/plugin-proposal-decorators': [ '7.25.9' ],
43 silly audit   '@babel/plugin-proposal-nullish-coalescing-operator': [ '7.18.6' ],
43 silly audit   '@babel/plugin-proposal-numeric-separator': [ '7.18.6' ],
43 silly audit   '@babel/plugin-proposal-optional-chaining': [ '7.21.0' ],
43 silly audit   '@babel/plugin-proposal-private-methods': [ '7.18.6' ],
43 silly audit   '@babel/plugin-proposal-private-property-in-object': [ '7.21.0-placeholder-for-preset-env.2', '7.21.11' ],
43 silly audit   '@babel/plugin-syntax-async-generators': [ '7.8.4' ],
43 silly audit   '@babel/plugin-syntax-bigint': [ '7.8.3' ],
43 silly audit   '@babel/plugin-syntax-class-properties': [ '7.12.13' ],
43 silly audit   '@babel/plugin-syntax-class-static-block': [ '7.14.5' ],
43 silly audit   '@babel/plugin-syntax-decorators': [ '7.25.9' ],
43 silly audit   '@babel/plugin-syntax-flow': [ '7.26.0' ],
43 silly audit   '@babel/plugin-syntax-import-assertions': [ '7.26.0' ],
43 silly audit   '@babel/plugin-syntax-import-attributes': [ '7.26.0' ],
43 silly audit   '@babel/plugin-syntax-import-meta': [ '7.10.4' ],
43 silly audit   '@babel/plugin-syntax-json-strings': [ '7.8.3' ],
43 silly audit   '@babel/plugin-syntax-jsx': [ '7.25.9' ],
43 silly audit   '@babel/plugin-syntax-logical-assignment-operators': [ '7.10.4' ],
43 silly audit   '@babel/plugin-syntax-nullish-coalescing-operator': [ '7.8.3' ],
43 silly audit   '@babel/plugin-syntax-numeric-separator': [ '7.10.4' ],
43 silly audit   '@babel/plugin-syntax-object-rest-spread': [ '7.8.3' ],
43 silly audit   '@babel/plugin-syntax-optional-catch-binding': [ '7.8.3' ],
43 silly audit   '@babel/plugin-syntax-optional-chaining': [ '7.8.3' ],
43 silly audit   '@babel/plugin-syntax-private-property-in-object': [ '7.14.5' ],
43 silly audit   '@babel/plugin-syntax-top-level-await': [ '7.14.5' ],
43 silly audit   '@babel/plugin-syntax-typescript': [ '7.25.9' ],
43 silly audit   '@babel/plugin-syntax-unicode-sets-regex': [ '7.18.6' ],
43 silly audit   '@babel/plugin-transform-arrow-functions': [ '7.25.9' ],
43 silly audit   '@babel/plugin-transform-async-generator-functions': [ '7.26.8' ],
43 silly audit   '@babel/plugin-transform-async-to-generator': [ '7.25.9' ],
43 silly audit   '@babel/plugin-transform-block-scoped-functions': [ '7.26.5' ],
43 silly audit   '@babel/plugin-transform-block-scoping': [ '7.25.9' ],
43 silly audit   '@babel/plugin-transform-class-properties': [ '7.25.9' ],
43 silly audit   '@babel/plugin-transform-class-static-block': [ '7.26.0' ],
43 silly audit   '@babel/plugin-transform-classes': [ '7.25.9' ],
43 silly audit   '@babel/plugin-transform-computed-properties': [ '7.25.9' ],
43 silly audit   '@babel/plugin-transform-destructuring': [ '7.25.9' ],
43 silly audit   '@babel/plugin-transform-dotall-regex': [ '7.25.9' ],
43 silly audit   '@babel/plugin-transform-duplicate-keys': [ '7.25.9' ],
43 silly audit   '@babel/plugin-transform-duplicate-named-capturing-groups-regex': [ '7.25.9' ],
43 silly audit   '@babel/plugin-transform-dynamic-import': [ '7.25.9' ],
43 silly audit   '@babel/plugin-transform-exponentiation-operator': [ '7.26.3' ],
43 silly audit   '@babel/plugin-transform-export-namespace-from': [ '7.25.9' ],
43 silly audit   '@babel/plugin-transform-flow-strip-types': [ '7.26.5' ],
43 silly audit   '@babel/plugin-transform-for-of': [ '7.26.9' ],
43 silly audit   '@babel/plugin-transform-function-name': [ '7.25.9' ],
43 silly audit   '@babel/plugin-transform-json-strings': [ '7.25.9' ],
43 silly audit   '@babel/plugin-transform-literals': [ '7.25.9' ],
43 silly audit   '@babel/plugin-transform-logical-assignment-operators': [ '7.25.9' ],
43 silly audit   '@babel/plugin-transform-member-expression-literals': [ '7.25.9' ],
43 silly audit   '@babel/plugin-transform-modules-amd': [ '7.25.9' ],
43 silly audit   '@babel/plugin-transform-modules-commonjs': [ '7.26.3' ],
43 silly audit   '@babel/plugin-transform-modules-systemjs': [ '7.25.9' ],
43 silly audit   '@babel/plugin-transform-modules-umd': [ '7.25.9' ],
43 silly audit   '@babel/plugin-transform-named-capturing-groups-regex': [ '7.25.9' ],
43 silly audit   '@babel/plugin-transform-new-target': [ '7.25.9' ],
43 silly audit   '@babel/plugin-transform-nullish-coalescing-operator': [ '7.26.6' ],
43 silly audit   '@babel/plugin-transform-numeric-separator': [ '7.25.9' ],
43 silly audit   '@babel/plugin-transform-object-rest-spread': [ '7.25.9' ],
43 silly audit   '@babel/plugin-transform-object-super': [ '7.25.9' ],
43 silly audit   '@babel/plugin-transform-optional-catch-binding': [ '7.25.9' ],
43 silly audit   '@babel/plugin-transform-optional-chaining': [ '7.25.9' ],
43 silly audit   '@babel/plugin-transform-parameters': [ '7.25.9' ],
43 silly audit   '@babel/plugin-transform-private-methods': [ '7.25.9' ],
43 silly audit   '@babel/plugin-transform-private-property-in-object': [ '7.25.9' ],
43 silly audit   '@babel/plugin-transform-property-literals': [ '7.25.9' ],
43 silly audit   '@babel/plugin-transform-react-constant-elements': [ '7.25.9' ],
43 silly audit   '@babel/plugin-transform-react-display-name': [ '7.25.9' ],
43 silly audit   '@babel/plugin-transform-react-jsx': [ '7.25.9' ],
43 silly audit   '@babel/plugin-transform-react-jsx-development': [ '7.25.9' ],
43 silly audit   '@babel/plugin-transform-react-pure-annotations': [ '7.25.9' ],
43 silly audit   '@babel/plugin-transform-regenerator': [ '7.25.9' ],
43 silly audit   '@babel/plugin-transform-regexp-modifiers': [ '7.26.0' ],
43 silly audit   '@babel/plugin-transform-reserved-words': [ '7.25.9' ],
43 silly audit   '@babel/plugin-transform-runtime': [ '7.26.9' ],
43 silly audit   'babel-plugin-polyfill-corejs3': [ '0.10.6', '0.11.1' ],
43 silly audit   '@babel/plugin-transform-shorthand-properties': [ '7.25.9' ],
43 silly audit   '@babel/plugin-transform-spread': [ '7.25.9' ],
43 silly audit   '@babel/plugin-transform-sticky-regex': [ '7.25.9' ],
43 silly audit   '@babel/plugin-transform-template-literals': [ '7.26.8' ],
43 silly audit   '@babel/plugin-transform-typeof-symbol': [ '7.26.7' ],
43 silly audit   '@babel/plugin-transform-typescript': [ '7.26.8' ],
43 silly audit   '@babel/plugin-transform-unicode-escapes': [ '7.25.9' ],
43 silly audit   '@babel/plugin-transform-unicode-property-regex': [ '7.25.9' ],
43 silly audit   '@babel/plugin-transform-unicode-regex': [ '7.25.9' ],
43 silly audit   '@babel/plugin-transform-unicode-sets-regex': [ '7.25.9' ],
43 silly audit   '@babel/preset-env': [ '7.26.9' ],
43 silly audit   '@babel/preset-modules': [ '0.1.6-no-external-plugins' ],
43 silly audit   '@babel/preset-react': [ '7.26.3' ],
43 silly audit   '@babel/preset-typescript': [ '7.26.0' ],
43 silly audit   '@babel/runtime': [ '7.26.9' ],
43 silly audit   '@babel/template': [ '7.26.9' ],
43 silly audit   '@babel/traverse': [ '7.26.9' ],
43 silly audit   '@babel/types': [ '7.26.9' ],
43 silly audit   '@bcoe/v8-coverage': [ '0.2.3' ],
43 silly audit   '@capacitor/android': [ '7.0.1' ],
43 silly audit   '@capacitor/cli': [ '7.0.1' ],
43 silly audit   '@capacitor/core': [ '7.0.1' ],
43 silly audit   '@cspotcode/source-map-support': [ '0.8.1' ],
43 silly audit   '@jridgewell/trace-mapping': [ '0.3.9', '0.3.25' ],
43 silly audit   '@csstools/normalize.css': [ '12.1.1' ],
43 silly audit   '@csstools/postcss-cascade-layers': [ '1.1.1' ],
43 silly audit   '@csstools/postcss-color-function': [ '1.1.1' ],
43 silly audit   '@csstools/postcss-font-format-keywords': [ '1.0.1' ],
43 silly audit   '@csstools/postcss-hwb-function': [ '1.0.2' ],
43 silly audit   '@csstools/postcss-ic-unit': [ '1.0.1' ],
43 silly audit   '@csstools/postcss-is-pseudo-class': [ '2.0.7' ],
43 silly audit   '@csstools/postcss-nested-calc': [ '1.0.0' ],
43 silly audit   '@csstools/postcss-normalize-display-values': [ '1.0.1' ],
43 silly audit   '@csstools/postcss-oklab-function': [ '1.1.1' ],
43 silly audit   '@csstools/postcss-progressive-custom-properties': [ '1.3.0' ],
43 silly audit   '@csstools/postcss-stepped-value-functions': [ '1.0.1' ],
43 silly audit   '@csstools/postcss-text-decoration-shorthand': [ '1.0.0' ],
43 silly audit   '@csstools/postcss-trigonometric-functions': [ '1.0.2' ],
43 silly audit   '@csstools/postcss-unset-value': [ '1.0.2' ],
43 silly audit   '@csstools/selector-specificity': [ '2.2.0' ],
43 silly audit   '@eslint-community/eslint-utils': [ '4.4.1' ],
43 silly audit   '@eslint-community/regexpp': [ '4.12.1' ],
43 silly audit   '@eslint/eslintrc': [ '2.1.4' ],
43 silly audit   ajv: [ '6.12.6', '8.17.1' ],
43 silly audit   argparse: [ '2.0.1', '1.0.10' ],
43 silly audit   globals: [ '13.24.0', '11.12.0' ],
43 silly audit   'js-yaml': [ '4.1.0', '3.14.1' ],
43 silly audit   'json-schema-traverse': [ '0.4.1', '1.0.0' ],
43 silly audit   'type-fest': [ '0.20.2', '0.16.0', '0.21.3' ],
43 silly audit   '@eslint/js': [ '8.57.1' ],
43 silly audit   '@humanwhocodes/config-array': [ '0.13.0' ],
43 silly audit   '@humanwhocodes/module-importer': [ '1.0.1' ],
43 silly audit   '@humanwhocodes/object-schema': [ '2.0.3' ],
43 silly audit   '@ionic/cli': [ '7.2.0' ],
43 silly audit   '@ionic/cli-framework': [ '6.0.1', '3.0.6' ],
43 silly audit   '@ionic/cli-framework-output': [ '2.2.8' ],
43 silly audit   '@ionic/cli-framework-prompts': [ '2.1.13', '1.0.4' ],
43 silly audit   rimraf: [ '3.0.2', '6.0.1' ],
43 silly audit   open: [ '7.4.2', '8.4.2' ],
43 silly audit   '@ionic/discover': [ '2.0.8' ],
43 silly audit   tslib: [ '1.14.1', '2.8.1' ],
43 silly audit   '@ionic/utils-array': [ '2.1.6', '1.2.2' ],
43 silly audit   '@ionic/utils-fs': [ '3.1.7', '2.0.9' ],
43 silly audit   'fs-extra': [ '9.1.0', '11.3.0', '8.1.0', '10.1.0' ],
43 silly audit   '@ionic/utils-network': [ '2.1.7', '1.0.6' ],
43 silly audit   '@ionic/utils-object': [ '2.1.6', '1.0.6' ],
43 silly audit   '@ionic/utils-process': [ '2.1.12', '1.0.9' ],
43 silly audit   '@ionic/utils-stream': [ '3.1.7', '2.0.5' ],
43 silly audit   '@ionic/utils-subprocess': [ '3.0.1', '1.0.13' ],
43 silly audit   '@ionic/utils-terminal': [ '2.3.5', '1.1.2' ],
43 silly audit   '@isaacs/cliui': [ '8.0.2' ],
43 silly audit   'ansi-regex': [ '6.1.0', '5.0.1', '4.1.1' ],
43 silly audit   'ansi-styles': [ '6.2.1', '4.3.0', '3.2.1', '5.2.0' ],
43 silly audit   'string-width': [ '5.1.2', '3.1.0', '4.2.3' ],
43 silly audit   'strip-ansi': [ '7.1.0', '6.0.1', '5.2.0' ],
43 silly audit   'wrap-ansi': [ '8.1.0', '6.2.0', '5.1.0', '7.0.0' ],
43 silly audit   '@istanbuljs/load-nyc-config': [ '1.1.0' ],
43 silly audit   camelcase: [ '5.3.1', '6.3.0' ],
43 silly audit   '@istanbuljs/schema': [ '0.1.3' ],
43 silly audit   '@jest/console': [ '27.5.1', '28.1.3' ],
43 silly audit   '@jest/core': [ '27.5.1' ],
43 silly audit   '@jest/environment': [ '27.5.1' ],
43 silly audit   '@jest/fake-timers': [ '27.5.1' ],
43 silly audit   '@jest/globals': [ '27.5.1' ],
43 silly audit   '@jest/reporters': [ '27.5.1' ],
43 silly audit   '@jest/schemas': [ '28.1.3' ],
43 silly audit   '@jest/source-map': [ '27.5.1' ],
43 silly audit   '@jest/test-result': [ '27.5.1', '28.1.3' ],
43 silly audit   '@jest/test-sequencer': [ '27.5.1' ],
43 silly audit   '@jest/transform': [ '27.5.1' ],
43 silly audit   'convert-source-map': [ '1.9.0', '2.0.0' ],
43 silly audit   '@jest/types': [ '27.5.1', '28.1.3' ],
43 silly audit   '@jridgewell/gen-mapping': [ '0.3.8' ],
43 silly audit   '@jridgewell/resolve-uri': [ '3.1.2' ],
43 silly audit   '@jridgewell/set-array': [ '1.2.1' ],
43 silly audit   '@jridgewell/source-map': [ '0.3.6' ],
43 silly audit   '@jridgewell/sourcemap-codec': [ '1.5.0' ],
43 silly audit   '@leichtgewicht/ip-codec': [ '2.0.5' ],
43 silly audit   '@nicolo-ribaudo/eslint-scope-5-internals': [ '5.1.1-v1' ],
43 silly audit   'eslint-scope': [ '5.1.1', '7.2.2' ],
43 silly audit   estraverse: [ '4.3.0', '5.3.0' ],
43 silly audit   '@nodelib/fs.scandir': [ '2.1.5' ],
43 silly audit   '@nodelib/fs.stat': [ '2.0.5' ],
43 silly audit   '@nodelib/fs.walk': [ '1.2.8' ],
43 silly audit   '@pkgjs/parseargs': [ '0.11.0' ],
43 silly audit   '@pmmmwh/react-refresh-webpack-plugin': [ '0.5.15' ],
43 silly audit   'source-map': [ '0.7.4', '0.6.1', '0.8.0-beta.0' ],
43 silly audit   '@remix-run/router': [ '1.8.0' ],
43 silly audit   '@rollup/plugin-babel': [ '5.3.1' ],
43 silly audit   '@rollup/plugin-node-resolve': [ '11.2.1' ],
43 silly audit   '@rollup/plugin-replace': [ '2.4.2' ],
43 silly audit   '@rollup/pluginutils': [ '3.1.0' ],
43 silly audit   '@types/estree': [ '0.0.39', '1.0.6' ],
43 silly audit   '@rtsao/scc': [ '1.1.0' ],
43 silly audit   '@rushstack/eslint-patch': [ '1.10.5' ],
43 silly audit   '@sinclair/typebox': [ '0.24.51' ],
43 silly audit   '@sinonjs/commons': [ '1.8.6' ],
43 silly audit   '@sinonjs/fake-timers': [ '8.1.0' ],
43 silly audit   '@surma/rollup-plugin-off-main-thread': [ '2.2.3' ],
43 silly audit   '@svgr/babel-plugin-add-jsx-attribute': [ '5.4.0' ],
43 silly audit   '@svgr/babel-plugin-remove-jsx-attribute': [ '5.4.0' ],
43 silly audit   '@svgr/babel-plugin-remove-jsx-empty-expression': [ '5.0.1' ],
43 silly audit   '@svgr/babel-plugin-replace-jsx-attribute-value': [ '5.0.1' ],
43 silly audit   '@svgr/babel-plugin-svg-dynamic-title': [ '5.4.0' ],
43 silly audit   '@svgr/babel-plugin-svg-em-dimensions': [ '5.4.0' ],
43 silly audit   '@svgr/babel-plugin-transform-react-native-svg': [ '5.4.0' ],
43 silly audit   '@svgr/babel-plugin-transform-svg-component': [ '5.5.0' ],
43 silly audit   '@svgr/babel-preset': [ '5.5.0' ],
43 silly audit   '@svgr/core': [ '5.5.0' ],
43 silly audit   '@svgr/hast-util-to-babel-ast': [ '5.5.0' ],
43 silly audit   '@svgr/plugin-jsx': [ '5.5.0' ],
43 silly audit   '@svgr/plugin-svgo': [ '5.5.0' ],
43 silly audit   '@svgr/webpack': [ '5.5.0' ],
43 silly audit   '@tootallnate/once': [ '1.1.2' ],
43 silly audit   '@tootallnate/quickjs-emscripten': [ '0.23.0' ],
43 silly audit   '@trysound/sax': [ '0.2.0' ],
43 silly audit   '@tsconfig/node10': [ '1.0.11' ],
43 silly audit   '@tsconfig/node12': [ '1.0.11' ],
43 silly audit   '@tsconfig/node14': [ '1.0.3' ],
43 silly audit   '@tsconfig/node16': [ '1.0.4' ],
43 silly audit   '@types/babel__core': [ '7.20.5' ],
43 silly audit   '@types/babel__generator': [ '7.6.8' ],
43 silly audit   '@types/babel__template': [ '7.4.4' ],
43 silly audit   '@types/babel__traverse': [ '7.20.6' ],
43 silly audit   '@types/body-parser': [ '1.19.5' ],
43 silly audit   '@types/bonjour': [ '3.5.13' ],
43 silly audit   '@types/connect': [ '3.4.38' ],
43 silly audit   '@types/connect-history-api-fallback': [ '1.5.4' ],
43 silly audit   '@types/eslint': [ '8.56.12' ],
43 silly audit   '@types/eslint-scope': [ '3.7.7' ],
43 silly audit   '@types/express': [ '4.17.21' ],
43 silly audit   '@types/express-serve-static-core': [ '5.0.6', '4.19.6' ],
43 silly audit   '@types/fs-extra': [ '8.1.5' ],
43 silly audit   '@types/graceful-fs': [ '4.1.9' ],
43 silly audit   '@types/html-minifier-terser': [ '6.1.0' ],
43 silly audit   '@types/http-errors': [ '2.0.4' ],
43 silly audit   '@types/http-proxy': [ '1.17.16' ],
43 silly audit   '@types/istanbul-lib-coverage': [ '2.0.6' ],
43 silly audit   '@types/istanbul-lib-report': [ '3.0.3' ],
43 silly audit   '@types/istanbul-reports': [ '3.0.4' ],
43 silly audit   '@types/json-schema': [ '7.0.15' ],
43 silly audit   '@types/json5': [ '0.0.29' ],
43 silly audit   '@types/mime': [ '1.3.5' ],
43 silly audit   '@types/node': [ '22.13.10' ],
43 silly audit   '@types/node-forge': [ '1.3.11' ],
43 silly audit   '@types/parse-json': [ '4.0.2' ],
43 silly audit   '@types/prettier': [ '2.7.3' ],
43 silly audit   '@types/q': [ '1.5.8' ],
43 silly audit   '@types/qs': [ '6.9.18' ],
43 silly audit   '@types/range-parser': [ '1.2.7' ],
43 silly audit   '@types/resolve': [ '1.17.1' ],
43 silly audit   '@types/retry': [ '0.12.0' ],
43 silly audit   '@types/semver': [ '7.5.8' ],
43 silly audit   '@types/send': [ '0.17.4' ],
43 silly audit   '@types/serve-index': [ '1.9.4' ],
43 silly audit   '@types/serve-static': [ '1.15.7' ],
43 silly audit   '@types/slice-ansi': [ '4.0.0' ],
43 silly audit   '@types/sockjs': [ '0.3.36' ],
43 silly audit   '@types/stack-utils': [ '2.0.3' ],
43 silly audit   '@types/trusted-types': [ '2.0.7' ],
43 silly audit   '@types/ws': [ '8.18.0' ],
43 silly audit   '@types/yargs': [ '16.0.9', '17.0.33' ],
43 silly audit   '@types/yargs-parser': [ '21.0.3' ],
43 silly audit   '@typescript-eslint/eslint-plugin': [ '5.62.0' ],
43 silly audit   '@typescript-eslint/experimental-utils': [ '5.62.0' ],
43 silly audit   '@typescript-eslint/parser': [ '5.62.0' ],
43 silly audit   '@typescript-eslint/scope-manager': [ '5.62.0' ],
43 silly audit   '@typescript-eslint/type-utils': [ '5.62.0' ],
43 silly audit   '@typescript-eslint/types': [ '5.62.0' ],
43 silly audit   '@typescript-eslint/typescript-estree': [ '5.62.0' ],
43 silly audit   '@typescript-eslint/utils': [ '5.62.0' ],
43 silly audit   '@typescript-eslint/visitor-keys': [ '5.62.0' ],
43 silly audit   '@ungap/structured-clone': [ '1.3.0' ],
43 silly audit   '@webassemblyjs/ast': [ '1.14.1' ],
43 silly audit   '@webassemblyjs/floating-point-hex-parser': [ '1.13.2' ],
43 silly audit   '@webassemblyjs/helper-api-error': [ '1.13.2' ],
43 silly audit   '@webassemblyjs/helper-buffer': [ '1.14.1' ],
43 silly audit   '@webassemblyjs/helper-numbers': [ '1.13.2' ],
43 silly audit   '@webassemblyjs/helper-wasm-bytecode': [ '1.13.2' ],
43 silly audit   '@webassemblyjs/helper-wasm-section': [ '1.14.1' ],
43 silly audit   '@webassemblyjs/ieee754': [ '1.13.2' ],
43 silly audit   '@webassemblyjs/leb128': [ '1.13.2' ],
43 silly audit   '@webassemblyjs/utf8': [ '1.13.2' ],
43 silly audit   '@webassemblyjs/wasm-edit': [ '1.14.1' ],
43 silly audit   '@webassemblyjs/wasm-gen': [ '1.14.1' ],
43 silly audit   '@webassemblyjs/wasm-opt': [ '1.14.1' ],
43 silly audit   '@webassemblyjs/wasm-parser': [ '1.14.1' ],
43 silly audit   '@webassemblyjs/wast-printer': [ '1.14.1' ],
43 silly audit   '@xmldom/xmldom': [ '0.8.10' ],
43 silly audit   '@xtuc/ieee754': [ '1.2.0' ],
43 silly audit   '@xtuc/long': [ '4.2.2' ],
43 silly audit   abab: [ '2.0.6' ],
43 silly audit   accepts: [ '1.3.8' ],
43 silly audit   negotiator: [ '0.6.3', '0.6.4' ],
43 silly audit   acorn: [ '8.14.1', '7.4.1' ],
43 silly audit   'acorn-globals': [ '6.0.0' ],
43 silly audit   'acorn-jsx': [ '5.3.2' ],
43 silly audit   'acorn-walk': [ '7.2.0', '8.3.4' ],
43 silly audit   address: [ '1.2.2' ],
43 silly audit   'adjust-sourcemap-loader': [ '4.0.0' ],
43 silly audit   'agent-base': [ '7.1.3', '6.0.2' ],
43 silly audit   'ajv-formats': [ '2.1.1' ],
43 silly audit   'ajv-keywords': [ '5.1.0', '3.5.2' ],
43 silly audit   'ansi-escapes': [ '4.3.2', '3.2.0' ],
43 silly audit   'ansi-html': [ '0.0.9' ],
43 silly audit   'ansi-html-community': [ '0.0.8' ],
43 silly audit   'any-promise': [ '1.3.0' ],
43 silly audit   anymatch: [ '3.1.3' ],
43 silly audit   arg: [ '5.0.2', '4.1.3' ],
43 silly audit   'aria-query': [ '5.3.2' ],
43 silly audit   'array-buffer-byte-length': [ '1.0.2' ],
43 silly audit   'array-flatten': [ '1.1.1' ],
43 silly audit   'array-includes': [ '3.1.8' ],
43 silly audit   'array-union': [ '2.1.0' ],
43 silly audit   'array.prototype.findlast': [ '1.2.5' ],
43 silly audit   'array.prototype.findlastindex': [ '1.2.5' ],
43 silly audit   'array.prototype.flat': [ '1.3.3' ],
43 silly audit   'array.prototype.flatmap': [ '1.3.3' ],
43 silly audit   'array.prototype.reduce': [ '1.0.7' ],
43 silly audit   'array.prototype.tosorted': [ '1.1.4' ],
43 silly audit   'arraybuffer.prototype.slice': [ '1.0.4' ],
43 silly audit   asap: [ '2.0.6' ],
43 silly audit   'ast-types': [ '0.13.4' ],
43 silly audit   'ast-types-flow': [ '0.0.8' ],
43 silly audit   'astral-regex': [ '2.0.0' ],
43 silly audit   async: [ '3.2.6' ],
43 silly audit   'async-function': [ '1.0.0' ],
43 silly audit   asynckit: [ '0.4.0' ],
43 silly audit   'at-least-node': [ '1.0.0' ],
43 silly audit   autoprefixer: [ '10.4.21' ],
43 silly audit   'available-typed-arrays': [ '1.0.7' ],
43 silly audit   'axe-core': [ '4.10.3' ],
43 silly audit   'axobject-query': [ '4.1.0' ],
43 silly audit   'babel-jest': [ '27.5.1' ],
43 silly audit   'babel-loader': [ '8.4.1' ],
43 silly audit   'schema-utils': [ '2.7.1', '3.3.0', '2.7.0', '4.3.0' ],
43 silly audit   'babel-plugin-istanbul': [ '6.1.1' ],
43 silly audit   'babel-plugin-jest-hoist': [ '27.5.1' ],
43 silly audit   'babel-plugin-macros': [ '3.1.0' ],
43 silly audit   'babel-plugin-named-asset-import': [ '0.3.8' ],
43 silly audit   'babel-plugin-polyfill-corejs2': [ '0.4.12' ],
43 silly audit   'babel-plugin-polyfill-regenerator': [ '0.6.3' ],
43 silly audit   'babel-plugin-transform-react-remove-prop-types': [ '0.4.24' ],
43 silly audit   'babel-preset-current-node-syntax': [ '1.1.0' ],
43 silly audit   'babel-preset-jest': [ '27.5.1' ],
43 silly audit   'babel-preset-react-app': [ '10.1.0' ],
43 silly audit   'balanced-match': [ '1.0.2' ],
43 silly audit   'base64-js': [ '1.5.1' ],
43 silly audit   'basic-ftp': [ '5.0.5' ],
43 silly audit   batch: [ '0.6.1' ],
43 silly audit   bfj: [ '7.1.0' ],
43 silly audit   'big-integer': [ '1.6.52' ],
43 silly audit   'big.js': [ '5.2.2' ],
43 silly audit   'binary-extensions': [ '2.3.0' ],
43 silly audit   bluebird: [ '3.7.2' ],
43 silly audit   'body-parser': [ '1.20.3' ],
43 silly audit   debug: [ '2.6.9', '4.4.0', '3.2.7' ],
43 silly audit   ms: [ '2.0.0', '2.1.3' ],
43 silly audit   qs: [ '6.13.0', '6.14.0' ],
43 silly audit   'bonjour-service': [ '1.3.0' ],
43 silly audit   boolbase: [ '1.0.0' ],
43 silly audit   'bplist-parser': [ '0.3.2' ],
43 silly audit   'brace-expansion': [ '1.1.11', '2.0.1' ],
43 silly audit   braces: [ '3.0.3' ],
43 silly audit   'browser-process-hrtime': [ '1.0.0' ],
43 silly audit   browserslist: [ '4.24.4' ],
43 silly audit   bser: [ '2.1.1' ],
43 silly audit   'buffer-crc32': [ '0.2.13' ],
43 silly audit   'buffer-from': [ '1.1.2' ],
43 silly audit   'builtin-modules': [ '3.3.0' ],
43 silly audit   bytes: [ '3.1.2' ],
43 silly audit   'call-bind': [ '1.0.8' ],
43 silly audit   'call-bind-apply-helpers': [ '1.0.2' ],
43 silly audit   'call-bound': [ '1.0.4' ],
43 silly audit   callsites: [ '3.1.0' ],
43 silly audit   'camel-case': [ '4.1.2' ],
43 silly audit   'camelcase-css': [ '2.0.1' ],
43 silly audit   'caniuse-api': [ '3.0.0' ],
43 silly audit   'caniuse-lite': [ '1.0.30001703' ],
43 silly audit   'case-sensitive-paths-webpack-plugin': [ '2.4.0' ],
43 silly audit   chalk: [ '4.1.2', '2.4.2', '3.0.0' ],
43 silly audit   'char-regex': [ '1.0.2', '2.0.2' ],
43 silly audit   chardet: [ '0.7.0' ],
43 silly audit   'check-types': [ '11.2.3' ],
43 silly audit   chokidar: [ '3.6.0' ],
43 silly audit   'glob-parent': [ '5.1.2', '6.0.2' ],
43 silly audit   chownr: [ '2.0.0', '1.1.4' ],
43 silly audit   'chrome-trace-event': [ '1.0.4' ],
43 silly audit   'ci-info': [ '3.9.0' ],
43 silly audit   'cjs-module-lexer': [ '1.4.3' ],
43 silly audit   'clean-css': [ '5.3.3' ],
43 silly audit   'cli-cursor': [ '3.1.0', '2.1.0' ],
43 silly audit   'cli-width': [ '3.0.0' ],
43 silly audit   cliui: [ '7.0.4' ],
43 silly audit   co: [ '4.6.0' ],
43 silly audit   coa: [ '2.0.2' ],
43 silly audit   'color-convert': [ '1.9.3', '2.0.1' ],
43 silly audit   'color-name': [ '1.1.3', '1.1.4' ],
43 silly audit   'has-flag': [ '3.0.0', '4.0.0' ],
43 silly audit   'supports-color': [ '5.5.0', '8.1.1', '7.2.0' ],
43 silly audit   'collect-v8-coverage': [ '1.0.2' ],
43 silly audit   colord: [ '2.9.3' ],
43 silly audit   colorette: [ '2.0.20' ],
43 silly audit   'combined-stream': [ '1.0.8' ],
43 silly audit   commander: [ '12.1.0', '8.3.0', '7.2.0', '4.1.1', '2.20.3' ],
43 silly audit   'common-tags': [ '1.8.2' ],
43 silly audit   commondir: [ '1.0.1' ],
43 silly audit   'component-emitter': [ '1.3.1' ],
43 silly audit   compressible: [ '2.0.18' ],
43 silly audit   compression: [ '1.8.0' ],
43 silly audit   'concat-map': [ '0.0.1' ],
43 silly audit   'confusing-browser-globals': [ '1.0.11' ],
43 silly audit   'connect-history-api-fallback': [ '2.0.0' ],
43 silly audit   'content-disposition': [ '0.5.4' ],
43 silly audit   'content-type': [ '1.0.5' ],
43 silly audit   cookie: [ '0.7.1' ],
43 silly audit   'cookie-signature': [ '1.0.6' ],
43 silly audit   cookiejar: [ '2.1.4' ],
43 silly audit   'core-js': [ '3.41.0' ],
43 silly audit   'core-js-compat': [ '3.41.0' ],
43 silly audit   'core-js-pure': [ '3.41.0' ],
43 silly audit   'core-util-is': [ '1.0.3' ],
43 silly audit   cosmiconfig: [ '7.1.0', '6.0.0' ],
43 silly audit   'create-require': [ '1.1.1' ],
43 silly audit   'cross-spawn': [ '7.0.6', '6.0.6' ],
43 silly audit   'crypto-random-string': [ '2.0.0' ],
43 silly audit   'css-blank-pseudo': [ '3.0.3' ],
43 silly audit   'css-declaration-sorter': [ '6.4.1' ],
43 silly audit   'css-has-pseudo': [ '3.0.4' ],
43 silly audit   'css-loader': [ '6.11.0' ],
43 silly audit   'css-minimizer-webpack-plugin': [ '3.4.1' ],
43 silly audit   'css-prefers-color-scheme': [ '6.0.3' ],
43 silly audit   'css-select': [ '4.3.0', '2.1.0' ],
43 silly audit   'css-select-base-adapter': [ '0.1.1' ],
43 silly audit   'css-tree': [ '1.0.0-alpha.37', '1.1.3' ],
43 silly audit   'css-what': [ '6.1.0', '3.4.2' ],
43 silly audit   cssdb: [ '7.11.2' ],
43 silly audit   cssesc: [ '3.0.0' ],
43 silly audit   cssnano: [ '5.1.15' ],
43 silly audit   'cssnano-preset-default': [ '5.2.14' ],
43 silly audit   'cssnano-utils': [ '3.1.0' ],
43 silly audit   csso: [ '4.2.0' ],
43 silly audit   'mdn-data': [ '2.0.14', '2.0.4' ],
43 silly audit   cssom: [ '0.4.4', '0.3.8' ],
43 silly audit   cssstyle: [ '2.3.0' ],
43 silly audit   'damerau-levenshtein': [ '1.0.8' ],
43 silly audit   'data-uri-to-buffer': [ '6.0.2', '3.0.1' ],
43 silly audit   'data-urls': [ '2.0.0' ],
43 silly audit   'data-view-buffer': [ '1.0.2' ],
43 silly audit   'data-view-byte-length': [ '1.0.2' ],
43 silly audit   'data-view-byte-offset': [ '1.0.1' ],
43 silly audit   'decimal.js': [ '10.5.0' ],
43 silly audit   dedent: [ '0.7.0' ],
43 silly audit   'deep-is': [ '0.1.4' ],
43 silly audit   deepmerge: [ '4.3.1' ],
43 silly audit   'default-gateway': [ '6.0.3' ],
43 silly audit   'define-data-property': [ '1.1.4' ],
43 silly audit   'define-lazy-prop': [ '2.0.0' ],
43 silly audit   'define-properties': [ '1.2.1' ],
43 silly audit   degenerator: [ '5.0.1', '2.2.0' ],
43 silly audit   'delayed-stream': [ '1.0.0' ],
43 silly audit   depd: [ '2.0.0', '1.1.2' ],
43 silly audit   destroy: [ '1.2.0' ],
43 silly audit   'detect-newline': [ '3.1.0' ],
43 silly audit   'detect-node': [ '2.1.0' ],
43 silly audit   'detect-port-alt': [ '1.1.6' ],
43 silly audit   dezalgo: [ '1.0.4' ],
43 silly audit   didyoumean: [ '1.2.2' ],
43 silly audit   diff: [ '4.0.2' ],
43 silly audit   'diff-sequences': [ '27.5.1' ],
43 silly audit   'dir-glob': [ '3.0.1' ],
43 silly audit   dlv: [ '1.1.3' ],
43 silly audit   'dns-packet': [ '5.6.1' ],
43 silly audit   doctrine: [ '3.0.0', '2.1.0' ],
43 silly audit   'dom-converter': [ '0.2.0' ],
43 silly audit   'dom-serializer': [ '1.4.1', '0.2.2' ],
43 silly audit   domelementtype: [ '2.3.0', '1.3.1' ],
43 silly audit   domexception: [ '2.0.1' ],
43 silly audit   'webidl-conversions': [ '5.0.0', '6.1.0', '4.0.2' ],
43 silly audit   domhandler: [ '4.3.1' ],
43 silly audit   domutils: [ '2.8.0', '1.7.0' ],
43 silly audit   'dot-case': [ '3.0.4' ],
43 silly audit   dotenv: [ '10.0.0' ],
43 silly audit   'dotenv-expand': [ '5.1.0' ],
43 silly audit   'dunder-proto': [ '1.0.1' ],
43 silly audit   duplexer: [ '0.1.2' ],
43 silly audit   duplexer2: [ '0.1.4' ],
43 silly audit   isarray: [ '1.0.0', '0.0.1', '2.0.5' ],
43 silly audit   'readable-stream': [ '2.3.8', '1.1.14', '3.6.2' ],
43 silly audit   'safe-buffer': [ '5.1.2', '5.2.1' ],
43 silly audit   string_decoder: [ '1.1.1', '0.10.31', '1.3.0' ],
43 silly audit   eastasianwidth: [ '0.2.0' ],
43 silly audit   'ee-first': [ '1.1.1' ],
43 silly audit   ejs: [ '3.1.10' ],
43 silly audit   'electron-to-chromium': [ '1.5.114' ],
43 silly audit   elementtree: [ '0.1.7' ],
43 silly audit   emittery: [ '0.8.1', '0.10.2' ],
43 silly audit   'emoji-regex': [ '9.2.2', '7.0.3', '8.0.0' ],
43 silly audit   'emojis-list': [ '3.0.0' ],
43 silly audit   encodeurl: [ '2.0.0', '1.0.2' ],
43 silly audit   'end-of-stream': [ '1.4.4' ],
43 silly audit   'enhanced-resolve': [ '5.18.1' ],
43 silly audit   entities: [ '2.2.0' ],
43 silly audit   'env-paths': [ '2.2.1' ],
43 silly audit   'error-ex': [ '1.3.2' ],
43 silly audit   'error-stack-parser': [ '2.1.4' ],
43 silly audit   'es-abstract': [ '1.23.9' ],
43 silly audit   'es-array-method-boxes-properly': [ '1.0.0' ],
43 silly audit   'es-define-property': [ '1.0.1' ],
43 silly audit   'es-errors': [ '1.3.0' ],
43 silly audit   'es-iterator-helpers': [ '1.2.1' ],
43 silly audit   'es-module-lexer': [ '1.6.0' ],
43 silly audit   'es-object-atoms': [ '1.1.1' ],
43 silly audit   'es-set-tostringtag': [ '2.1.0' ],
43 silly audit   'es-shim-unscopables': [ '1.1.0' ],
43 silly audit   'es-to-primitive': [ '1.3.0' ],
43 silly audit   escalade: [ '3.2.0' ],
43 silly audit   'escape-html': [ '1.0.3' ],
43 silly audit   'escape-string-regexp': [ '1.0.5', '4.0.0', '2.0.0' ],
43 silly audit   escodegen: [ '2.1.0', '1.14.3' ],
43 silly audit   eslint: [ '8.57.1' ],
43 silly audit   'eslint-config-react-app': [ '7.0.1' ],
43 silly audit   'eslint-import-resolver-node': [ '0.3.9' ],
43 silly audit   'eslint-module-utils': [ '2.12.0' ],
43 silly audit   'eslint-plugin-flowtype': [ '8.0.3' ],
43 silly audit   'eslint-plugin-import': [ '2.31.0' ],
43 silly audit   'eslint-plugin-jest': [ '25.7.0' ],
43 silly audit   'eslint-plugin-jsx-a11y': [ '6.10.2' ],
43 silly audit   'eslint-plugin-react': [ '7.37.4' ],
43 silly audit   'eslint-plugin-react-hooks': [ '4.6.2' ],
43 silly audit   resolve: [ '2.0.0-next.5', '1.22.10' ],
43 silly audit   'eslint-plugin-testing-library': [ '5.11.1' ],
43 silly audit   'eslint-webpack-plugin': [ '3.2.0' ],
43 silly audit   'jest-worker': [ '28.1.3', '27.5.1', '26.6.2' ],
43 silly audit   'find-up': [ '5.0.0', '4.1.0', '3.0.0' ],
43 silly audit   'locate-path': [ '6.0.0', '5.0.0', '3.0.0' ],
43 silly audit   'p-limit': [ '3.1.0', '2.3.0' ],
43 silly audit   'p-locate': [ '5.0.0', '4.1.0', '3.0.0' ],
43 silly audit   espree: [ '9.6.1' ],
43 silly audit   esprima: [ '4.0.1', '1.2.2' ],
43 silly audit   esquery: [ '1.6.0' ],
43 silly audit   esrecurse: [ '4.3.0' ],
43 silly audit   'estree-walker': [ '1.0.1' ],
43 silly audit   esutils: [ '2.0.3' ],
43 silly audit   etag: [ '1.8.1' ],
43 silly audit   eventemitter3: [ '4.0.7' ],
43 silly audit   events: [ '3.3.0' ],
43 silly audit   execa: [ '5.1.1', '1.0.0', '4.1.0' ],
43 silly audit   exit: [ '0.1.2' ],
43 silly audit   expect: [ '27.5.1' ],
43 silly audit   express: [ '4.21.2' ],
43 silly audit   'path-to-regexp': [ '0.1.12' ],
43 silly audit   'external-editor': [ '3.1.0' ],
43 silly audit   'fast-deep-equal': [ '3.1.3' ],
43 silly audit   'fast-glob': [ '3.3.3' ],
43 silly audit   'fast-json-stable-stringify': [ '2.1.0' ],
43 silly audit   'fast-levenshtein': [ '2.0.6' ],
43 silly audit   'fast-safe-stringify': [ '2.1.1' ],
43 silly audit   'fast-uri': [ '3.0.6' ],
43 silly audit   fastq: [ '1.19.1' ],
43 silly audit   'faye-websocket': [ '0.11.4' ],
43 silly audit   'fb-watchman': [ '2.0.2' ],
43 silly audit   'fd-slicer': [ '1.1.0' ],
43 silly audit   figures: [ '3.2.0' ],
43 silly audit   'file-entry-cache': [ '6.0.1' ],
43 silly audit   'file-loader': [ '6.2.0' ],
43 silly audit   'file-uri-to-path': [ '2.0.0' ],
43 silly audit   filelist: [ '1.0.4' ],
43 silly audit   minimatch: [ '5.1.6', '3.1.2', '10.0.1', '9.0.5' ],
43 silly audit   filesize: [ '8.0.7' ],
43 silly audit   'fill-range': [ '7.1.1' ],
43 silly audit   finalhandler: [ '1.3.1' ],
43 silly audit   'find-cache-dir': [ '3.3.2' ],
43 silly audit   'flat-cache': [ '3.2.0' ],
43 silly audit   flatted: [ '3.3.3' ],
43 silly audit   'follow-redirects': [ '1.15.9' ],
43 silly audit   'for-each': [ '0.3.5' ],
43 silly audit   'foreground-child': [ '3.3.1' ],
43 silly audit   'signal-exit': [ '4.1.0', '3.0.7' ],
43 silly audit   'fork-ts-checker-webpack-plugin': [ '6.5.3' ],
43 silly audit   tapable: [ '1.1.3', '2.2.1' ],
43 silly audit   'form-data': [ '3.0.3', '2.5.3', '4.0.2' ],
43 silly audit   formidable: [ '2.1.2', '1.2.6' ],
43 silly audit   forwarded: [ '0.2.0' ],
43 silly audit   'fraction.js': [ '4.3.7' ],
43 silly audit   fresh: [ '0.5.2' ],
43 silly audit   'fs-minipass': [ '2.1.0', '1.2.7' ],
43 silly audit   minipass: [ '3.3.6', '2.9.0', '5.0.0', '7.1.2' ],
43 silly audit   'fs-monkey': [ '1.0.6' ],
43 silly audit   'fs.realpath': [ '1.0.0' ],
43 silly audit   fsevents: [ '2.3.3' ],
43 silly audit   ftp: [ '0.3.10' ],
43 silly audit   'function-bind': [ '1.1.2' ],
43 silly audit   'function.prototype.name': [ '1.1.8' ],
43 silly audit   'functions-have-names': [ '1.2.3' ],
43 silly audit   gensync: [ '1.0.0-beta.2' ],
43 silly audit   'get-caller-file': [ '2.0.5' ],
43 silly audit   'get-intrinsic': [ '1.3.0' ],
43 silly audit   'get-own-enumerable-property-symbols': [ '3.0.2' ],
43 silly audit   'get-package-type': [ '0.1.0' ],
43 silly audit   'get-proto': [ '1.0.1' ],
43 silly audit   'get-stream': [ '6.0.1', '4.1.0', '5.2.0' ],
43 silly audit   'get-symbol-description': [ '1.1.0' ],
43 silly audit   'get-uri': [ '6.0.4', '3.0.2' ],
43 silly audit   glob: [ '7.2.3', '11.0.1', '10.4.5' ],
43 silly audit   'glob-to-regexp': [ '0.4.1' ],
43 silly audit   'global-modules': [ '2.0.0' ],
43 silly audit   'global-prefix': [ '3.0.0' ],
43 silly audit   ini: [ '1.3.8', '4.1.3' ],
43 silly audit   which: [ '1.3.1', '2.0.2' ],
43 silly audit   globalthis: [ '1.0.4' ],
43 silly audit   globby: [ '11.1.0' ],
43 silly audit   gopd: [ '1.2.0' ],
43 silly audit   'graceful-fs': [ '4.2.11' ],
43 silly audit   graphemer: [ '1.4.0' ],
43 silly audit   'gzip-size': [ '6.0.0' ],
43 silly audit   'handle-thing': [ '2.0.1' ],
43 silly audit   'harmony-reflect': [ '1.6.2' ],
43 silly audit   'has-bigints': [ '1.1.0' ],
43 silly audit   'has-property-descriptors': [ '1.0.2' ],
43 silly audit   'has-proto': [ '1.2.0' ],
43 silly audit   'has-symbols': [ '1.1.0' ],
43 silly audit   'has-tostringtag': [ '1.0.2' ],
43 silly audit   hasown: [ '2.0.2' ],
43 silly audit   he: [ '1.2.0' ],
43 silly audit   hexoid: [ '1.0.0' ],
43 silly audit   hoopy: [ '0.1.4' ],
43 silly audit   'hpack.js': [ '2.1.6' ],
43 silly audit   'html-encoding-sniffer': [ '2.0.1' ],
43 silly audit   'html-entities': [ '2.5.2' ],
43 silly audit   'html-escaper': [ '2.0.2' ],
43 silly audit   'html-minifier-terser': [ '6.1.0' ],
43 silly audit   'html-webpack-plugin': [ '5.6.3' ],
43 silly audit   htmlparser2: [ '6.1.0' ],
43 silly audit   'http-deceiver': [ '1.2.7' ],
43 silly audit   'http-errors': [ '2.0.0', '1.6.3' ],
43 silly audit   'http-parser-js': [ '0.5.9' ],
43 silly audit   'http-proxy': [ '1.18.1' ],
43 silly audit   'http-proxy-agent': [ '7.0.2', '4.0.1' ],
43 silly audit   'http-proxy-middleware': [ '2.0.7' ],
43 silly audit   'https-proxy-agent': [ '7.0.6', '5.0.1' ],
43 silly audit   'human-signals': [ '2.1.0', '1.1.1' ],
43 silly audit   'iconv-lite': [ '0.4.24', '0.6.3' ],
43 silly audit   'icss-utils': [ '5.1.0' ],
43 silly audit   idb: [ '7.1.1' ],
43 silly audit   'identity-obj-proxy': [ '3.0.0' ],
43 silly audit   ignore: [ '5.3.2' ],
43 silly audit   immer: [ '9.0.21' ],
43 silly audit   'import-fresh': [ '3.3.1' ],
43 silly audit   'resolve-from': [ '4.0.0', '5.0.0' ],
43 silly audit   'import-local': [ '3.2.0' ],
43 silly audit   imurmurhash: [ '0.1.4' ],
43 silly audit   inflight: [ '1.0.6' ],
43 silly audit   inherits: [ '2.0.4', '2.0.3' ],
43 silly audit   inquirer: [ '7.3.3' ],
43 silly audit   'internal-slot': [ '1.1.0' ],
43 silly audit   ionic: [ '5.4.16' ],
43 silly audit   'is-stream': [ '1.1.0', '2.0.1' ],
43 silly audit   jsonfile: [ '4.0.0', '6.1.0' ],
43 silly audit   minizlib: [ '1.3.3', '2.1.2' ],
43 silly audit   'npm-run-path': [ '2.0.2', '4.0.1' ],
43 silly audit   'os-name': [ '3.1.0', '4.0.1' ],
43 silly audit   'path-key': [ '2.0.1', '3.1.1' ],
43 silly audit   'shebang-command': [ '1.2.0', '2.0.0' ],
43 silly audit   'shebang-regex': [ '1.0.0', '3.0.0' ],
43 silly audit   'slice-ansi': [ '3.0.0', '4.0.0' ],
43 silly audit   superagent: [ '4.1.0', '8.1.2' ],
43 silly audit   tar: [ '4.4.19', '6.2.1' ],
43 silly audit   universalify: [ '0.1.2', '0.2.0', '2.0.1' ],
43 silly audit   'windows-release': [ '3.3.3', '4.0.0' ],
43 silly audit   ip: [ '1.1.9' ],
43 silly audit   'ip-address': [ '9.0.5' ],
43 silly audit   'sprintf-js': [ '1.1.3', '1.0.3' ],
43 silly audit   'ipaddr.js': [ '2.2.0', '1.9.1' ],
43 silly audit   'is-array-buffer': [ '3.0.5' ],
43 silly audit   'is-arrayish': [ '0.2.1' ],
43 silly audit   'is-async-function': [ '2.1.1' ],
43 silly audit   'is-bigint': [ '1.1.0' ],
43 silly audit   'is-binary-path': [ '2.1.0' ],
43 silly audit   'is-boolean-object': [ '1.2.2' ],
43 silly audit   'is-callable': [ '1.2.7' ],
43 silly audit   'is-core-module': [ '2.16.1' ],
43 silly audit   'is-data-view': [ '1.0.2' ],
43 silly audit   'is-date-object': [ '1.1.0' ],
43 silly audit   'is-docker': [ '2.2.1' ],
43 silly audit   'is-extglob': [ '2.1.1' ],
43 silly audit   'is-finalizationregistry': [ '1.1.1' ],
43 silly audit   'is-fullwidth-code-point': [ '3.0.0', '2.0.0' ],
43 silly audit   'is-generator-fn': [ '2.1.0' ],
43 silly audit   'is-generator-function': [ '1.1.0' ],
43 silly audit   'is-glob': [ '4.0.3' ],
43 silly audit   'is-map': [ '2.0.3' ],
43 silly audit   'is-module': [ '1.0.0' ],
43 silly audit   'is-number': [ '7.0.0' ],
43 silly audit   'is-number-object': [ '1.1.1' ],
43 silly audit   'is-obj': [ '1.0.1' ],
43 silly audit   'is-path-inside': [ '3.0.3' ],
43 silly audit   'is-plain-obj': [ '3.0.0' ],
43 silly audit   'is-potential-custom-element-name': [ '1.0.1' ],
43 silly audit   'is-regex': [ '1.2.1' ],
43 silly audit   'is-regexp': [ '1.0.0' ],
43 silly audit   'is-root': [ '2.1.0' ],
43 silly audit   'is-set': [ '2.0.3' ],
43 silly audit   'is-shared-array-buffer': [ '1.0.4' ],
43 silly audit   'is-string': [ '1.1.1' ],
43 silly audit   'is-symbol': [ '1.1.1' ],
43 silly audit   'is-typed-array': [ '1.1.15' ],
43 silly audit   'is-typedarray': [ '1.0.0' ],
43 silly audit   'is-weakmap': [ '2.0.2' ],
43 silly audit   'is-weakref': [ '1.1.1' ],
43 silly audit   'is-weakset': [ '2.0.4' ],
43 silly audit   'is-wsl': [ '2.2.0' ],
43 silly audit   isexe: [ '2.0.0' ],
43 silly audit   'istanbul-lib-coverage': [ '3.2.2' ],
43 silly audit   'istanbul-lib-instrument': [ '5.2.1' ],
43 silly audit   'istanbul-lib-report': [ '3.0.1' ],
43 silly audit   'make-dir': [ '4.0.0', '3.1.0' ],
43 silly audit   'istanbul-lib-source-maps': [ '4.0.1' ],
43 silly audit   'istanbul-reports': [ '3.1.7' ],
43 silly audit   'iterator.prototype': [ '1.1.5' ],
43 silly audit   jackspeak: [ '4.1.0', '3.4.3' ],
43 silly audit   jake: [ '10.9.2' ],
43 silly audit   jest: [ '27.5.1' ],
43 silly audit   'jest-changed-files': [ '27.5.1' ],
43 silly audit   'jest-circus': [ '27.5.1' ],
43 silly audit   'jest-cli': [ '27.5.1' ],
43 silly audit   'jest-config': [ '27.5.1' ],
43 silly audit   'jest-diff': [ '27.5.1' ],
43 silly audit   'jest-docblock': [ '27.5.1' ],
43 silly audit   'jest-each': [ '27.5.1' ],
43 silly audit   'jest-environment-jsdom': [ '27.5.1' ],
43 silly audit   'jest-environment-node': [ '27.5.1' ],
43 silly audit   'jest-get-type': [ '27.5.1' ],
43 silly audit   'jest-haste-map': [ '27.5.1' ],
43 silly audit   'jest-jasmine2': [ '27.5.1' ],
43 silly audit   'jest-leak-detector': [ '27.5.1' ],
43 silly audit   'jest-matcher-utils': [ '27.5.1' ],
43 silly audit   'jest-message-util': [ '27.5.1', '28.1.3' ],
43 silly audit   'jest-mock': [ '27.5.1' ],
43 silly audit   'jest-pnp-resolver': [ '1.2.3' ],
43 silly audit   'jest-regex-util': [ '27.5.1', '28.0.2' ],
43 silly audit   'jest-resolve': [ '27.5.1' ],
43 silly audit   'jest-resolve-dependencies': [ '27.5.1' ],
43 silly audit   'jest-runner': [ '27.5.1' ],
43 silly audit   'jest-runtime': [ '27.5.1' ],
43 silly audit   'jest-serializer': [ '27.5.1' ],
43 silly audit   'jest-snapshot': [ '27.5.1' ],
43 silly audit   'jest-util': [ '27.5.1', '28.1.3' ],
43 silly audit   'jest-validate': [ '27.5.1' ],
43 silly audit   'jest-watch-typeahead': [ '1.1.0' ],
43 silly audit   slash: [ '3.0.0', '4.0.0' ],
43 silly audit   'jest-watcher': [ '28.1.3', '27.5.1' ],
43 silly audit   'string-length': [ '4.0.2', '5.0.1' ],
43 silly audit   'pretty-format': [ '28.1.3', '27.5.1' ],
43 silly audit   'react-is': [ '18.3.1', '17.0.2', '16.13.1' ],
43 silly audit   jiti: [ '1.21.7' ],
43 silly audit   'js-tokens': [ '4.0.0' ],
43 silly audit   jsbn: [ '1.1.0' ],
43 silly audit   jsdom: [ '16.7.0' ],
43 silly audit   jsesc: [ '3.1.0', '3.0.2' ],
43 silly audit   'json-buffer': [ '3.0.1' ],
43 silly audit   'json-parse-even-better-errors': [ '2.3.1' ],
43 silly audit   'json-schema': [ '0.4.0' ],
43 silly audit   'json-stable-stringify-without-jsonify': [ '1.0.1' ],
43 silly audit   json5: [ '2.2.3', '1.0.2' ],
43 silly audit   jsonpath: [ '1.1.1' ],
43 silly audit   jsonpointer: [ '5.0.1' ],
43 silly audit   'jsx-ast-utils': [ '3.3.5' ],
43 silly audit   keyv: [ '4.5.4' ],
43 silly audit   'kind-of': [ '6.0.3' ],
43 silly audit   kleur: [ '4.1.5', '3.0.3' ],
43 silly audit   klona: [ '2.0.6' ],
43 silly audit   'language-subtag-registry': [ '0.3.23' ],
43 silly audit   'language-tags': [ '1.0.9' ],
43 silly audit   'launch-editor': [ '2.10.0' ],
43 silly audit   leek: [ '0.0.24' ],
43 silly audit   leven: [ '3.1.0' ],
43 silly audit   levn: [ '0.4.1', '0.3.0' ],
43 silly audit   lilconfig: [ '2.1.0', '3.1.3' ],
43 silly audit   'lines-and-columns': [ '1.2.4' ],
43 silly audit   'loader-runner': [ '4.3.0' ],
43 silly audit   'loader-utils': [ '2.0.4', '3.3.1' ],
43 silly audit   lodash: [ '4.17.21' ],
43 silly audit   'lodash._baseassign': [ '3.2.0' ],
43 silly audit   'lodash._basecopy': [ '3.0.1' ],
43 silly audit   'lodash._bindcallback': [ '3.0.1' ],
43 silly audit   'lodash._createassigner': [ '3.1.1' ],
43 silly audit   'lodash._getnative': [ '3.9.1' ],
43 silly audit   'lodash._isiterateecall': [ '3.0.9' ],
43 silly audit   'lodash.assign': [ '3.2.0' ],
43 silly audit   'lodash.debounce': [ '4.0.8' ],
43 silly audit   'lodash.isarguments': [ '3.1.0' ],
43 silly audit   'lodash.isarray': [ '3.0.4' ],
43 silly audit   'lodash.keys': [ '3.1.2' ],
43 silly audit   'lodash.memoize': [ '4.1.2' ],
43 silly audit   'lodash.merge': [ '4.6.2' ],
43 silly audit   'lodash.restparam': [ '3.6.1' ],
43 silly audit   'lodash.sortby': [ '4.7.0' ],
43 silly audit   'lodash.uniq': [ '4.5.0' ],
43 silly audit   'log-update': [ '3.4.0' ],
43 silly audit   'mimic-fn': [ '1.2.0', '2.1.0' ],
43 silly audit   onetime: [ '2.0.1', '5.1.2' ],
43 silly audit   'restore-cursor': [ '2.0.0', '3.1.0' ],
43 silly audit   'loose-envify': [ '1.4.0' ],
43 silly audit   'lower-case': [ '2.0.2' ],
43 silly audit   'macos-release': [ '2.5.1' ],
43 silly audit   'magic-string': [ '0.25.9' ],
43 silly audit   'make-error': [ '1.3.6' ],
43 silly audit   makeerror: [ '1.0.12' ],
43 silly audit   'math-intrinsics': [ '1.1.0' ],
43 silly audit   'media-typer': [ '0.3.0' ],
43 silly audit   memfs: [ '3.5.3' ],
43 silly audit   'merge-descriptors': [ '1.0.3' ],
43 silly audit   'merge-stream': [ '2.0.0' ],
43 silly audit   merge2: [ '1.4.1' ],
43 silly audit   methods: [ '1.1.2' ],
43 silly audit   micromatch: [ '4.0.8' ],
43 silly audit   mime: [ '2.6.0', '1.6.0' ],
43 silly audit   'mime-db': [ '1.52.0' ],
43 silly audit   'mime-types': [ '2.1.35' ],
43 silly audit   'mini-css-extract-plugin': [ '2.9.2' ],
43 silly audit   'minimalistic-assert': [ '1.0.1' ],
43 silly audit   minimist: [ '1.2.8' ],
43 silly audit   mkdirp: [ '0.5.6', '1.0.4' ],
43 silly audit   'multicast-dns': [ '7.2.5' ],
43 silly audit   'mute-stream': [ '0.0.8' ],
43 silly audit   mz: [ '2.7.0' ],
43 silly audit   nanoid: [ '3.3.9' ],
43 silly audit   'native-run': [ '2.0.1' ],
43 silly audit   split2: [ '4.2.0', '3.2.2' ],
43 silly audit   through2: [ '4.0.2', '3.0.2' ],
43 silly audit   'natural-compare': [ '1.4.0' ],
43 silly audit   'natural-compare-lite': [ '1.4.0' ],
43 silly audit   'neo-async': [ '2.6.2' ],
43 silly audit   netmask: [ '1.0.6', '2.0.2' ],
43 silly audit   'nice-try': [ '1.0.5' ],
43 silly audit   'no-case': [ '3.0.4' ],
43 silly audit   'node-forge': [ '1.3.1' ],
43 silly audit   'node-int64': [ '0.4.0' ],
43 silly audit   'node-releases': [ '2.0.19' ],
43 silly audit   'normalize-path': [ '3.0.0' ],
43 silly audit   'normalize-range': [ '0.1.2' ],
43 silly audit   'normalize-url': [ '6.1.0' ],
43 silly audit   'nth-check': [ '2.1.1', '1.0.2' ],
43 silly audit   nwsapi: [ '2.2.18' ],
43 silly audit   'object-assign': [ '4.1.1' ],
43 silly audit   'object-hash': [ '3.0.0' ],
43 silly audit   'object-inspect': [ '1.13.4' ],
43 silly audit   'object-keys': [ '1.1.1' ],
43 silly audit   'object.assign': [ '4.1.7' ],
43 silly audit   'object.entries': [ '1.1.8' ],
43 silly audit   'object.fromentries': [ '2.0.8' ],
43 silly audit   'object.getownpropertydescriptors': [ '2.1.8' ],
43 silly audit   'object.groupby': [ '1.0.3' ],
43 silly audit   'object.values': [ '1.2.1' ],
43 silly audit   obuf: [ '1.1.2' ],
43 silly audit   'on-finished': [ '2.4.1' ],
43 silly audit   'on-headers': [ '1.0.2' ],
43 silly audit   once: [ '1.4.0' ],
43 silly audit   optionator: [ '0.9.4', '0.8.3' ],
43 silly audit   'os-tmpdir': [ '1.0.2' ],
43 silly audit   'own-keys': [ '1.0.1' ],
43 silly audit   'p-finally': [ '1.0.0' ],
43 silly audit   'p-retry': [ '4.6.2' ],
43 silly audit   'p-try': [ '2.2.0' ],
43 silly audit   'pac-proxy-agent': [ '7.2.0', '4.1.0' ],
43 silly audit   'pac-resolver': [ '7.0.1', '4.2.0' ],
43 silly audit   'package-json-from-dist': [ '1.0.1' ],
43 silly audit   'param-case': [ '3.0.4' ],
43 silly audit   'parent-module': [ '1.0.1' ],
43 silly audit   'parse-json': [ '5.2.0' ],
43 silly audit   parse5: [ '6.0.1' ],
43 silly audit   parseurl: [ '1.3.3' ],
43 silly audit   'pascal-case': [ '3.1.2' ],
43 silly audit   'path-exists': [ '4.0.0', '3.0.0' ],
43 silly audit   'path-is-absolute': [ '1.0.1' ],
43 silly audit   'path-parse': [ '1.0.7' ],
43 silly audit   'path-scurry': [ '2.0.0', '1.11.1' ],
43 silly audit   'path-type': [ '4.0.0' ],
43 silly audit   pend: [ '1.2.0' ],
43 silly audit   'performance-now': [ '2.1.0' ],
43 silly audit   picocolors: [ '1.1.1', '0.2.1' ],
43 silly audit   picomatch: [ '2.3.1' ],
43 silly audit   pify: [ '2.3.0' ],
43 silly audit   pirates: [ '4.0.6' ],
43 silly audit   'pkg-dir': [ '4.2.0' ],
43 silly audit   'pkg-up': [ '3.1.0' ],
43 silly audit   plist: [ '3.1.0' ],
43 silly audit   'possible-typed-array-names': [ '1.1.0' ],
43 silly audit   postcss: [ '8.5.3', '7.0.39' ],
43 silly audit   'postcss-attribute-case-insensitive': [ '5.0.2' ],
43 silly audit   'postcss-browser-comments': [ '4.0.0' ],
43 silly audit   'postcss-calc': [ '8.2.4' ],
43 silly audit   'postcss-clamp': [ '4.1.0' ],
43 silly audit   'postcss-color-functional-notation': [ '4.2.4' ],
43 silly audit   'postcss-color-hex-alpha': [ '8.0.4' ],
43 silly audit   'postcss-color-rebeccapurple': [ '7.1.1' ],
43 silly audit   'postcss-colormin': [ '5.3.1' ],
43 silly audit   'postcss-convert-values': [ '5.1.3' ],
43 silly audit   'postcss-custom-media': [ '8.0.2' ],
43 silly audit   'postcss-custom-properties': [ '12.1.11' ],
43 silly audit   'postcss-custom-selectors': [ '6.0.3' ],
43 silly audit   'postcss-dir-pseudo-class': [ '6.0.5' ],
43 silly audit   'postcss-discard-comments': [ '5.1.2' ],
43 silly audit   'postcss-discard-duplicates': [ '5.1.0' ],
43 silly audit   'postcss-discard-empty': [ '5.1.1' ],
43 silly audit   'postcss-discard-overridden': [ '5.1.0' ],
43 silly audit   'postcss-double-position-gradients': [ '3.1.2' ],
43 silly audit   'postcss-env-function': [ '4.0.6' ],
43 silly audit   'postcss-flexbugs-fixes': [ '5.0.2' ],
43 silly audit   'postcss-focus-visible': [ '6.0.4' ],
43 silly audit   'postcss-focus-within': [ '5.0.4' ],
43 silly audit   'postcss-font-variant': [ '5.0.0' ],
43 silly audit   'postcss-gap-properties': [ '3.0.5' ],
43 silly audit   'postcss-image-set-function': [ '4.0.7' ],
43 silly audit   'postcss-import': [ '15.1.0' ],
43 silly audit   'postcss-initial': [ '4.0.1' ],
43 silly audit   'postcss-js': [ '4.0.1' ],
43 silly audit   'postcss-lab-function': [ '4.2.1' ],
43 silly audit   'postcss-load-config': [ '4.0.2' ],
43 silly audit   yaml: [ '2.7.0', '1.10.2' ],
43 silly audit   'postcss-loader': [ '6.2.1' ],
43 silly audit   'postcss-logical': [ '5.0.4' ],
43 silly audit   'postcss-media-minmax': [ '5.0.0' ],
43 silly audit   'postcss-merge-longhand': [ '5.1.7' ],
43 silly audit   'postcss-merge-rules': [ '5.1.4' ],
43 silly audit   'postcss-minify-font-values': [ '5.1.0' ],
43 silly audit   'postcss-minify-gradients': [ '5.1.1' ],
43 silly audit   'postcss-minify-params': [ '5.1.4' ],
43 silly audit   'postcss-minify-selectors': [ '5.2.1' ],
43 silly audit   'postcss-modules-extract-imports': [ '3.1.0' ],
43 silly audit   'postcss-modules-local-by-default': [ '4.2.0' ],
43 silly audit   'postcss-selector-parser': [ '7.1.0', '6.1.2' ],
43 silly audit   'postcss-modules-scope': [ '3.2.1' ],
43 silly audit   'postcss-modules-values': [ '4.0.0' ],
43 silly audit   'postcss-nested': [ '6.2.0' ],
43 silly audit   'postcss-nesting': [ '10.2.0' ],
43 silly audit   'postcss-normalize': [ '10.0.1' ],
43 silly audit   'postcss-normalize-charset': [ '5.1.0' ],
43 silly audit   'postcss-normalize-display-values': [ '5.1.0' ],
43 silly audit   'postcss-normalize-positions': [ '5.1.1' ],
43 silly audit   'postcss-normalize-repeat-style': [ '5.1.1' ],
43 silly audit   'postcss-normalize-string': [ '5.1.0' ],
43 silly audit   'postcss-normalize-timing-functions': [ '5.1.0' ],
43 silly audit   'postcss-normalize-unicode': [ '5.1.1' ],
43 silly audit   'postcss-normalize-url': [ '5.1.0' ],
43 silly audit   'postcss-normalize-whitespace': [ '5.1.1' ],
43 silly audit   'postcss-opacity-percentage': [ '1.1.3' ],
43 silly audit   'postcss-ordered-values': [ '5.1.3' ],
43 silly audit   'postcss-overflow-shorthand': [ '3.0.4' ],
43 silly audit   'postcss-page-break': [ '3.0.4' ],
43 silly audit   'postcss-place': [ '7.0.5' ],
43 silly audit   'postcss-preset-env': [ '7.8.3' ],
43 silly audit   'postcss-pseudo-class-any-link': [ '7.1.6' ],
43 silly audit   'postcss-reduce-initial': [ '5.1.2' ],
43 silly audit   'postcss-reduce-transforms': [ '5.1.0' ],
43 silly audit   'postcss-replace-overflow-wrap': [ '4.0.0' ],
43 silly audit   'postcss-selector-not': [ '6.0.1' ],
43 silly audit   'postcss-svgo': [ '5.1.0' ],
43 silly audit   svgo: [ '2.8.0', '1.3.2' ],
43 silly audit   'postcss-unique-selectors': [ '5.1.1' ],
43 silly audit   'postcss-value-parser': [ '4.2.0' ],
43 silly audit   'prelude-ls': [ '1.2.1', '1.1.2' ],
43 silly audit   'pretty-bytes': [ '5.6.0' ],
43 silly audit   'pretty-error': [ '4.0.0' ],
43 silly audit   'process-nextick-args': [ '2.0.1' ],
43 silly audit   promise: [ '8.3.0' ],
43 silly audit   prompts: [ '2.4.2' ],
43 silly audit   'prop-types': [ '15.8.1' ],
43 silly audit   'proxy-addr': [ '2.0.7' ],
43 silly audit   'proxy-agent': [ '6.5.0', '4.0.1' ],
43 silly audit   'proxy-from-env': [ '1.1.0' ],
43 silly audit   psl: [ '1.15.0' ],
43 silly audit   pump: [ '3.0.2' ],
43 silly audit   punycode: [ '2.3.1' ],
43 silly audit   q: [ '1.5.1' ],
43 silly audit   querystringify: [ '2.2.0' ],
43 silly audit   'queue-microtask': [ '1.2.3' ],
43 silly audit   raf: [ '3.4.1' ],
43 silly audit   randombytes: [ '2.1.0' ],
43 silly audit   'range-parser': [ '1.2.1' ],
43 silly audit   'raw-body': [ '2.5.2' ],
43 silly audit   react: [ '18.3.1' ],
43 silly audit   'react-app-polyfill': [ '3.0.0' ],
43 silly audit   'regenerator-runtime': [ '0.13.11', '0.14.1' ],
43 silly audit   'react-dev-utils': [ '12.0.1' ],
43 silly audit   'react-dom': [ '18.3.1' ],
43 silly audit   'react-error-overlay': [ '6.1.0' ],
43 silly audit   'react-refresh': [ '0.11.0' ],
43 silly audit   'react-router': [ '6.15.0' ],
43 silly audit   'react-router-dom': [ '6.15.0' ],
43 silly audit   'react-scripts': [ '5.0.1' ],
43 silly audit   'read-cache': [ '1.0.0' ],
43 silly audit   readdirp: [ '3.6.0' ],
43 silly audit   'recursive-readdir': [ '2.2.3' ],
43 silly audit   'reflect.getprototypeof': [ '1.0.10' ],
43 silly audit   regenerate: [ '1.4.2' ],
43 silly audit   'regenerate-unicode-properties': [ '10.2.0' ],
43 silly audit   'regenerator-transform': [ '0.15.2' ],
43 silly audit   'regex-parser': [ '2.3.1' ],
43 silly audit   'regexp.prototype.flags': [ '1.5.4' ],
43 silly audit   'regexpu-core': [ '6.2.0' ],
43 silly audit   regjsgen: [ '0.8.0' ],
43 silly audit   regjsparser: [ '0.12.0' ],
43 silly audit   relateurl: [ '0.2.7' ],
43 silly audit   renderkid: [ '3.0.0' ],
43 silly audit   'require-directory': [ '2.1.1' ],
43 silly audit   'require-from-string': [ '2.0.2' ],
43 silly audit   'requires-port': [ '1.0.0' ],
43 silly audit   'resolve-cwd': [ '3.0.0' ],
43 silly audit   'resolve-url-loader': [ '4.0.0' ],
43 silly audit   'resolve.exports': [ '1.1.1' ],
43 silly audit   retry: [ '0.13.1' ],
43 silly audit   reusify: [ '1.1.0' ],
43 silly audit   rollup: [ '2.79.2' ],
43 silly audit   'rollup-plugin-terser': [ '7.0.2' ],
43 silly audit   'serialize-javascript': [ '4.0.0', '6.0.2' ],
43 silly audit   rsvp: [ '3.6.2' ],
43 silly audit   'run-async': [ '2.4.1' ],
43 silly audit   'run-parallel': [ '1.2.0' ],
43 silly audit   rxjs: [ '6.6.7' ],
43 silly audit   'safe-array-concat': [ '1.1.3' ],
43 silly audit   'safe-push-apply': [ '1.0.0' ],
43 silly audit   'safe-regex-test': [ '1.1.0' ],
43 silly audit   'safer-buffer': [ '2.1.2' ],
43 silly audit   'sanitize.css': [ '13.0.0' ],
43 silly audit   'sass-loader': [ '12.6.0' ],
43 silly audit   sax: [ '1.1.4', '1.2.4' ],
43 silly audit   saxes: [ '5.0.1' ],
43 silly audit   scheduler: [ '0.23.2' ],
43 silly audit   'select-hose': [ '2.0.0' ],
43 silly audit   selfsigned: [ '2.4.1' ],
43 silly audit   send: [ '0.19.0' ],
43 silly audit   'serve-index': [ '1.9.1' ],
43 silly audit   setprototypeof: [ '1.1.0', '1.2.0' ],
43 silly audit   statuses: [ '1.5.0', '2.0.1' ],
43 silly audit   'serve-static': [ '1.16.2' ],
43 silly audit   'set-function-length': [ '1.2.2' ],
43 silly audit   'set-function-name': [ '2.0.2' ],
43 silly audit   'set-proto': [ '1.0.0' ],
43 silly audit   'shell-quote': [ '1.8.2' ],
43 silly audit   'side-channel': [ '1.1.0' ],
43 silly audit   'side-channel-list': [ '1.0.0' ],
43 silly audit   'side-channel-map': [ '1.0.1' ],
43 silly audit   'side-channel-weakmap': [ '1.0.2' ],
43 silly audit   sisteransi: [ '1.0.5' ],
43 silly audit   'smart-buffer': [ '4.2.0' ],
43 silly audit   sockjs: [ '0.3.24' ],
43 silly audit   uuid: [ '8.3.2', '3.4.0' ],
43 silly audit   socks: [ '2.8.4' ],
43 silly audit   'socks-proxy-agent': [ '8.0.5', '5.0.1' ],
43 silly audit   'source-list-map': [ '2.0.1' ],
43 silly audit   'source-map-js': [ '1.2.1' ],
43 silly audit   'source-map-loader': [ '3.0.2' ],
43 silly audit   'source-map-support': [ '0.5.21' ],
43 silly audit   'sourcemap-codec': [ '1.4.8' ],
43 silly audit   spdy: [ '4.0.2' ],
43 silly audit   'spdy-transport': [ '3.0.0' ],
43 silly audit   'ssh-config': [ '1.1.6' ],
43 silly audit   stable: [ '0.1.8' ],
43 silly audit   'stack-utils': [ '2.0.6' ],
43 silly audit   stackframe: [ '1.3.4' ],
43 silly audit   'static-eval': [ '2.0.2' ],
43 silly audit   'type-check': [ '0.3.2', '0.4.0' ],
43 silly audit   'stream-combiner2': [ '1.1.1' ],
43 silly audit   'string-natural-compare': [ '3.0.1' ],
43 silly audit   'string.prototype.includes': [ '2.0.1' ],
43 silly audit   'string.prototype.matchall': [ '4.0.12' ],
43 silly audit   'string.prototype.repeat': [ '1.0.0' ],
43 silly audit   'string.prototype.trim': [ '1.2.10' ],
43 silly audit   'string.prototype.trimend': [ '1.0.9' ],
43 silly audit   'string.prototype.trimstart': [ '1.0.8' ],
43 silly audit   'stringify-object': [ '3.3.0' ],
43 silly audit   'strip-bom': [ '4.0.0', '3.0.0' ],
43 silly audit   'strip-comments': [ '2.0.1' ],
43 silly audit   'strip-eof': [ '1.0.0' ],
43 silly audit   'strip-final-newline': [ '2.0.0' ],
43 silly audit   'strip-json-comments': [ '3.1.1' ],
43 silly audit   'style-loader': [ '3.3.4' ],
43 silly audit   stylehacks: [ '5.1.1' ],
43 silly audit   sucrase: [ '3.35.0' ],
43 silly audit   'superagent-proxy': [ '2.1.0' ],
43 silly audit   'supports-hyperlinks': [ '2.3.0' ],
43 silly audit   'supports-preserve-symlinks-flag': [ '1.0.0' ],
43 silly audit   'svg-parser': [ '2.0.4' ],
43 silly audit   'symbol-tree': [ '3.2.4' ],
43 silly audit   tailwindcss: [ '3.4.17' ],
43 silly audit   'temp-dir': [ '2.0.0' ],
43 silly audit   tempy: [ '0.6.0' ],
43 silly audit   'terminal-link': [ '2.1.1' ],
43 silly audit   terser: [ '5.39.0' ],
43 silly audit   'terser-webpack-plugin': [ '5.3.14' ],
43 silly audit   'test-exclude': [ '6.0.0' ],
43 silly audit   'text-table': [ '0.2.0' ],
43 silly audit   thenify: [ '3.3.1' ],
43 silly audit   'thenify-all': [ '1.6.0' ],
43 silly audit   throat: [ '6.0.2' ],
43 silly audit   through: [ '2.3.8' ],
43 silly audit   thunky: [ '1.1.0' ],
43 silly audit   tmp: [ '0.0.33' ],
43 silly audit   tmpl: [ '1.0.5' ],
43 silly audit   'to-regex-range': [ '5.0.1' ],
43 silly audit   toidentifier: [ '1.0.1' ],
43 silly audit   'tough-cookie': [ '4.1.4' ],
43 silly audit   tr46: [ '2.1.0', '1.0.1' ],
43 silly audit   'tree-kill': [ '1.2.2' ],
43 silly audit   tryer: [ '1.0.1' ],
43 silly audit   'ts-interface-checker': [ '0.1.13' ],
43 silly audit   'ts-node': [ '10.9.2' ],
43 silly audit   'tsconfig-paths': [ '3.15.0' ],
43 silly audit   tsutils: [ '3.21.0' ],
43 silly audit   'type-detect': [ '4.0.8' ],
43 silly audit   'type-is': [ '1.6.18' ],
43 silly audit   'typed-array-buffer': [ '1.0.3' ],
43 silly audit   'typed-array-byte-length': [ '1.0.3' ],
43 silly audit   'typed-array-byte-offset': [ '1.0.4' ],
43 silly audit   'typed-array-length': [ '1.0.7' ],
43 silly audit   'typedarray-to-buffer': [ '3.1.5' ],
43 silly audit   typescript: [ '5.8.2' ],
43 silly audit   'unbox-primitive': [ '1.1.0' ],
43 silly audit   underscore: [ '1.12.1' ],
43 silly audit   'undici-types': [ '6.20.0' ],
43 silly audit   'unicode-canonical-property-names-ecmascript': [ '2.0.1' ],
43 silly audit   'unicode-match-property-ecmascript': [ '2.0.0' ],
43 silly audit   'unicode-match-property-value-ecmascript': [ '2.2.0' ],
43 silly audit   'unicode-property-aliases-ecmascript': [ '2.1.0' ],
43 silly audit   'unique-string': [ '2.0.0' ],
43 silly audit   unpipe: [ '1.0.0' ],
43 silly audit   unquote: [ '1.1.1' ],
43 silly audit   untildify: [ '4.0.0' ],
43 silly audit   upath: [ '1.2.0' ],
43 silly audit   'update-browserslist-db': [ '1.1.3' ],
43 silly audit   'uri-js': [ '4.4.1' ],
43 silly audit   'url-parse': [ '1.5.10' ],
43 silly audit   'util-deprecate': [ '1.0.2' ],
43 silly audit   'util.promisify': [ '1.0.1' ],
43 silly audit   utila: [ '0.4.0' ],
43 silly audit   'utils-merge': [ '1.0.1' ],
43 silly audit   'v8-compile-cache-lib': [ '3.0.1' ],
43 silly audit   'v8-to-istanbul': [ '8.1.1' ],
43 silly audit   vary: [ '1.1.2' ],
43 silly audit   'w3c-hr-time': [ '1.0.2' ],
43 silly audit   'w3c-xmlserializer': [ '2.0.0' ],
43 silly audit   walker: [ '1.0.8' ],
43 silly audit   watchpack: [ '2.4.2' ],
43 silly audit   wbuf: [ '1.7.3' ],
43 silly audit   webpack: [ '5.98.0' ],
43 silly audit   'webpack-dev-middleware': [ '5.3.4' ],
43 silly audit   'webpack-dev-server': [ '4.15.2' ],
43 silly audit   ws: [ '8.18.1', '7.5.10' ],
43 silly audit   'webpack-manifest-plugin': [ '4.1.1' ],
43 silly audit   'webpack-sources': [ '2.3.1', '3.2.3', '1.4.3' ],
43 silly audit   'websocket-driver': [ '0.7.4' ],
43 silly audit   'websocket-extensions': [ '0.1.4' ],
43 silly audit   'whatwg-encoding': [ '1.0.5' ],
43 silly audit   'whatwg-fetch': [ '3.6.20' ],
43 silly audit   'whatwg-mimetype': [ '2.3.0' ],
43 silly audit   'whatwg-url': [ '8.7.0', '7.1.0' ],
43 silly audit   'which-boxed-primitive': [ '1.1.1' ],
43 silly audit   'which-builtin-type': [ '1.2.1' ],
43 silly audit   'which-collection': [ '1.0.2' ],
43 silly audit   'which-typed-array': [ '1.1.19' ],
43 silly audit   'word-wrap': [ '1.2.5' ],
43 silly audit   'workbox-background-sync': [ '6.6.0' ],
43 silly audit   'workbox-broadcast-update': [ '6.6.0' ],
43 silly audit   'workbox-build': [ '6.6.0' ],
43 silly audit   'workbox-cacheable-response': [ '6.6.0' ],
43 silly audit   'workbox-core': [ '6.6.0' ],
43 silly audit   'workbox-expiration': [ '6.6.0' ],
43 silly audit   'workbox-google-analytics': [ '6.6.0' ],
43 silly audit   'workbox-navigation-preload': [ '6.6.0' ],
43 silly audit   'workbox-precaching': [ '6.6.0' ],
43 silly audit   'workbox-range-requests': [ '6.6.0' ],
43 silly audit   'workbox-recipes': [ '6.6.0' ],
43 silly audit   'workbox-routing': [ '6.6.0' ],
43 silly audit   'workbox-strategies': [ '6.6.0' ],
43 silly audit   'workbox-streams': [ '6.6.0' ],
43 silly audit   'workbox-sw': [ '6.6.0' ],
43 silly audit   'workbox-webpack-plugin': [ '6.6.0' ],
43 silly audit   'workbox-window': [ '6.6.0' ],
43 silly audit   wrappy: [ '1.0.2' ],
43 silly audit   'write-file-atomic': [ '3.0.3' ],
43 silly audit   'xml-name-validator': [ '3.0.0' ],
43 silly audit   xml2js: [ '0.6.2' ],
43 silly audit   xmlbuilder: [ '11.0.1', '15.1.1' ],
43 silly audit   xmlchars: [ '2.2.0' ],
43 silly audit   xregexp: [ '2.0.0' ],
43 silly audit   y18n: [ '5.0.8' ],
43 silly audit   yargs: [ '16.2.0' ],
43 silly audit   'yargs-parser': [ '20.2.9' ],
43 silly audit   yauzl: [ '2.10.0' ],
43 silly audit   yn: [ '3.1.1' ],
43 silly audit   'yocto-queue': [ '0.1.0' ],
43 silly audit   '@ionic/react': [ '8.4.3' ],
43 silly audit   '@ionic/react-router': [ '8.4.3' ],
43 silly audit   '@ionic/core': [ '8.4.3' ],
43 silly audit   ionicons: [ '7.4.0' ],
43 silly audit   '@stencil/core': [ '4.20.0' ]
43 silly audit }
44 verbose reify failed optional dependency C:\Development\ionic\ionic_sample\node_modules\fsevents
45 silly reify mark deleted [ 'C:\\Development\\ionic\\ionic_sample\\node_modules\\fsevents' ]
46 http cache @ionic/core@https://registry.npmjs.org/@ionic/core/-/core-8.4.3.tgz 0ms (cache hit)
47 http cache @stencil/core@https://registry.npmjs.org/@stencil/core/-/core-4.20.0.tgz 0ms (cache hit)
48 http cache @ionic/react@file:C:\Development\ionic\offline_packages\ionic-react-8.4.3.tgz 0ms (cache hit)
49 http cache @ionic/react-router@file:C:\Development\ionic\offline_packages\ionic-react-router-8.4.3.tgz 0ms (cache hit)
50 http cache ionicons@https://registry.npmjs.org/ionicons/-/ionicons-7.4.0.tgz 0ms (cache hit)
51 http fetch POST 200 https://registry.npmjs.org/-/npm/v1/security/advisories/bulk 208ms
52 silly audit report {
52 silly audit report   degenerator: [
52 silly audit report     {
52 silly audit report       id: 1090403,
52 silly audit report       url: 'https://github.com/advisories/GHSA-9j49-mfvp-vmhm',
52 silly audit report       title: 'Code Injection in pac-resolver',
52 silly audit report       severity: 'high',
52 silly audit report       vulnerable_versions: '<3.0.1',
52 silly audit report       cwe: [Array],
52 silly audit report       cvss: [Object]
52 silly audit report     }
52 silly audit report   ],
52 silly audit report   tar: [
52 silly audit report     {
52 silly audit report       id: 1097493,
52 silly audit report       url: 'https://github.com/advisories/GHSA-f5x3-32g6-xq36',
52 silly audit report       title: 'Denial of service while parsing a tar file due to lack of folders count validation',
52 silly audit report       severity: 'moderate',
52 silly audit report       vulnerable_versions: '<6.2.1',
52 silly audit report       cwe: [Array],
52 silly audit report       cvss: [Object]
52 silly audit report     }
52 silly audit report   ],
52 silly audit report   ip: [
52 silly audit report     {
52 silly audit report       id: 1101851,
52 silly audit report       url: 'https://github.com/advisories/GHSA-2p57-rm9w-gvfp',
52 silly audit report       title: 'ip SSRF improper categorization in isPublic',
52 silly audit report       severity: 'high',
52 silly audit report       vulnerable_versions: '<=2.0.1',
52 silly audit report       cwe: [Array],
52 silly audit report       cvss: [Object]
52 silly audit report     }
52 silly audit report   ],
52 silly audit report   netmask: [
52 silly audit report     {
52 silly audit report       id: 1093560,
52 silly audit report       url: 'https://github.com/advisories/GHSA-pch5-whg9-qr2r',
52 silly audit report       title: 'netmask npm package mishandles octal input data',
52 silly audit report       severity: 'moderate',
52 silly audit report       vulnerable_versions: '<2.0.1',
52 silly audit report       cwe: [Array],
52 silly audit report       cvss: [Object]
52 silly audit report     },
52 silly audit report     {
52 silly audit report       id: 1089900,
52 silly audit report       url: 'https://github.com/advisories/GHSA-4c7m-wxvm-r7gc',
52 silly audit report       title: 'Improper parsing of octal bytes in netmask',
52 silly audit report       severity: 'critical',
52 silly audit report       vulnerable_versions: '<1.1.0',
52 silly audit report       cwe: [Array],
52 silly audit report       cvss: [Object]
52 silly audit report     }
52 silly audit report   ],
52 silly audit report   'nth-check': [
52 silly audit report     {
52 silly audit report       id: 1095141,
52 silly audit report       url: 'https://github.com/advisories/GHSA-rp65-9cf3-cjxr',
52 silly audit report       title: 'Inefficient Regular Expression Complexity in nth-check',
52 silly audit report       severity: 'high',
52 silly audit report       vulnerable_versions: '<2.0.1',
52 silly audit report       cwe: [Array],
52 silly audit report       cvss: [Object]
52 silly audit report     }
52 silly audit report   ],
52 silly audit report   'pac-resolver': [
52 silly audit report     {
52 silly audit report       id: 1090384,
52 silly audit report       url: 'https://github.com/advisories/GHSA-9j49-mfvp-vmhm',
52 silly audit report       title: 'Code Injection in pac-resolver',
52 silly audit report       severity: 'high',
52 silly audit report       vulnerable_versions: '<5.0.0',
52 silly audit report       cwe: [Array],
52 silly audit report       cvss: [Object]
52 silly audit report     }
52 silly audit report   ],
52 silly audit report   postcss: [
52 silly audit report     {
52 silly audit report       id: 1094544,
52 silly audit report       url: 'https://github.com/advisories/GHSA-7fh5-64p2-3v2j',
52 silly audit report       title: 'PostCSS line return parsing error',
52 silly audit report       severity: 'moderate',
52 silly audit report       vulnerable_versions: '<8.4.31',
52 silly audit report       cwe: [Array],
52 silly audit report       cvss: [Object]
52 silly audit report     }
52 silly audit report   ],
52 silly audit report   'serialize-javascript': [
52 silly audit report     {
52 silly audit report       id: 1102339,
52 silly audit report       url: 'https://github.com/advisories/GHSA-76p7-773f-r4q5',
52 silly audit report       title: 'Cross-site Scripting (XSS) in serialize-javascript',
52 silly audit report       severity: 'moderate',
52 silly audit report       vulnerable_versions: '<6.0.2',
52 silly audit report       cwe: [Array],
52 silly audit report       cvss: [Object]
52 silly audit report     }
52 silly audit report   ]
52 silly audit report }
53 silly packumentCache corgi:https://registry.npmjs.org/degenerator cache-miss
54 silly packumentCache corgi:https://registry.npmjs.org/tar cache-miss
55 silly packumentCache corgi:https://registry.npmjs.org/ip cache-miss
56 silly packumentCache corgi:https://registry.npmjs.org/netmask cache-miss
57 silly packumentCache corgi:https://registry.npmjs.org/nth-check cache-miss
58 silly packumentCache corgi:https://registry.npmjs.org/pac-resolver cache-miss
59 silly packumentCache corgi:https://registry.npmjs.org/postcss cache-miss
60 silly packumentCache corgi:https://registry.npmjs.org/serialize-javascript cache-miss
61 http cache https://registry.npmjs.org/degenerator 37ms (cache hit)
62 silly packumentCache corgi:https://registry.npmjs.org/degenerator set size:37239 disposed:false
63 http cache https://registry.npmjs.org/netmask 37ms (cache hit)
64 silly packumentCache corgi:https://registry.npmjs.org/netmask set size:8565 disposed:false
65 http cache https://registry.npmjs.org/ip 38ms (cache hit)
66 silly packumentCache corgi:https://registry.npmjs.org/ip set size:17316 disposed:false
67 http cache https://registry.npmjs.org/pac-resolver 37ms (cache hit)
68 silly packumentCache corgi:https://registry.npmjs.org/pac-resolver set size:25911 disposed:false
69 http cache https://registry.npmjs.org/nth-check 38ms (cache hit)
70 silly packumentCache corgi:https://registry.npmjs.org/nth-check set size:10078 disposed:false
71 http cache https://registry.npmjs.org/tar 39ms (cache hit)
72 silly packumentCache corgi:https://registry.npmjs.org/tar set size:156578 disposed:false
73 http cache https://registry.npmjs.org/postcss 40ms (cache hit)
74 silly packumentCache corgi:https://registry.npmjs.org/postcss set size:334606 disposed:false
75 http cache https://registry.npmjs.org/serialize-javascript 42ms (cache hit)
76 silly packumentCache corgi:https://registry.npmjs.org/serialize-javascript set size:31981 disposed:false
77 silly packumentCache corgi:https://registry.npmjs.org/ionic cache-miss
78 http cache https://registry.npmjs.org/ionic 77ms (cache hit)
79 silly packumentCache corgi:https://registry.npmjs.org/ionic set size:1108741 disposed:false
80 silly packumentCache corgi:https://registry.npmjs.org/@ionic%2fdiscover cache-miss
81 http cache https://registry.npmjs.org/@ionic%2fdiscover 53ms (cache hit)
82 silly packumentCache corgi:https://registry.npmjs.org/@ionic%2fdiscover set size:159342 disposed:false
83 silly packumentCache corgi:https://registry.npmjs.org/css-select cache-miss
84 http cache https://registry.npmjs.org/css-select 37ms (cache hit)
85 silly packumentCache corgi:https://registry.npmjs.org/css-select set size:44393 disposed:false
86 silly packumentCache corgi:https://registry.npmjs.org/pac-proxy-agent cache-miss
87 http cache https://registry.npmjs.org/pac-proxy-agent 16ms (cache hit)
88 silly packumentCache corgi:https://registry.npmjs.org/pac-proxy-agent set size:28733 disposed:false
89 silly packumentCache corgi:https://registry.npmjs.org/resolve-url-loader cache-miss
90 http cache https://registry.npmjs.org/resolve-url-loader 22ms (cache hit)
91 silly packumentCache corgi:https://registry.npmjs.org/resolve-url-loader set size:61938 disposed:false
92 silly packumentCache corgi:https://registry.npmjs.org/rollup-plugin-terser cache-miss
93 http cache https://registry.npmjs.org/rollup-plugin-terser 17ms (cache hit)
94 silly packumentCache corgi:https://registry.npmjs.org/rollup-plugin-terser set size:47323 disposed:false
95 silly packumentCache corgi:https://registry.npmjs.org/svgo cache-miss
96 http cache https://registry.npmjs.org/svgo 18ms (cache hit)
97 silly packumentCache corgi:https://registry.npmjs.org/svgo set size:126234 disposed:false
98 silly packumentCache corgi:https://registry.npmjs.org/proxy-agent cache-miss
99 http cache https://registry.npmjs.org/proxy-agent 4ms (cache hit)
100 silly packumentCache corgi:https://registry.npmjs.org/proxy-agent set size:35770 disposed:false
101 silly packumentCache corgi:https://registry.npmjs.org/react-scripts cache-miss
102 http cache https://registry.npmjs.org/react-scripts 6ms (cache hit)
103 silly packumentCache corgi:https://registry.npmjs.org/react-scripts set size:342451 disposed:false
104 silly packumentCache corgi:https://registry.npmjs.org/workbox-build cache-miss
105 http cache https://registry.npmjs.org/workbox-build 5ms (cache hit)
106 silly packumentCache corgi:https://registry.npmjs.org/workbox-build set size:191087 disposed:false
107 silly packumentCache corgi:https://registry.npmjs.org/@svgr%2fplugin-svgo cache-miss
108 http cache https://registry.npmjs.org/@svgr%2fplugin-svgo 4ms (cache hit)
109 silly packumentCache corgi:https://registry.npmjs.org/@svgr%2fplugin-svgo set size:36570 disposed:false
110 silly packumentCache corgi:https://registry.npmjs.org/superagent-proxy cache-miss
111 http cache https://registry.npmjs.org/superagent-proxy 3ms (cache hit)
112 silly packumentCache corgi:https://registry.npmjs.org/superagent-proxy set size:13108 disposed:false
113 silly packumentCache corgi:https://registry.npmjs.org/workbox-webpack-plugin cache-miss
114 http cache https://registry.npmjs.org/workbox-webpack-plugin 67ms (cache hit)
115 silly packumentCache corgi:https://registry.npmjs.org/workbox-webpack-plugin set size:134541 disposed:false
116 silly packumentCache corgi:https://registry.npmjs.org/@svgr%2fwebpack cache-miss
117 http cache https://registry.npmjs.org/@svgr%2fwebpack 21ms (cache hit)
118 silly packumentCache corgi:https://registry.npmjs.org/@svgr%2fwebpack set size:85201 disposed:false
119 silly ADD node_modules/@stencil/core
120 silly ADD node_modules/ionicons
121 silly ADD node_modules/@ionic/core
122 silly ADD node_modules/@ionic/react-router
123 silly ADD node_modules/@ionic/react
124 silly ADD
125 verbose cwd C:\Development\ionic\ionic_sample
126 verbose os Windows_NT 10.0.19045
127 verbose node v22.14.0
128 verbose npm  v11.1.0
129 verbose exit 0
130 info ok
